<?xml version="1.0" encoding="UTF-8"?>
<!-- Generated by org.testng.reporters.JUnitXMLReporter -->
<testsuite ignored="0" hostname="DESKTOP-8AF4MIK" failures="1" tests="1" name="SignInTesting" time="22.208" errors="0" timestamp="2025-11-05T16:03:16 IST">
  <testcase classname="testPackage.TC_004_NewUserSignUp" name="Validate_SignUp_Scenarios" time="10.142">
    <failure type="java.lang.RuntimeException" message="java.lang.RuntimeException: org.openqa.selenium.NoSuchElementException: Can&amp;apos;t locate an element by this strategy: By.chained({AppiumBy.accessibilityId: Don&amp;apos;t have an account? Sign up})">
      <![CDATA[java.lang.RuntimeException: java.lang.RuntimeException: org.openqa.selenium.NoSuchElementException: Can't locate an element by this strategy: By.chained({AppiumBy.accessibilityId: Don't have an account? Sign up})
at pageObjects.PG_009_SignUpPage.Verify_Sign_Up_Header_Displayed(PG_009_SignUpPage.java:83)
at pageObjects.PG_009_SignUpPage.Fill_Sign_Up_Form(PG_009_SignUpPage.java:231)
at testPackage.TC_004_NewUserSignUp.Validate_SignUp_Scenarios(TC_004_NewUserSignUp.java:31)
at java.base/java.util.ArrayList.forEach(ArrayList.java:1541)
Caused by: java.lang.RuntimeException: org.openqa.selenium.NoSuchElementException: Can't locate an element by this strategy: By.chained({AppiumBy.accessibilityId: Don't have an account? Sign up})
at pageObjects.PG_002_SignInPage.Click_On_SignUp(PG_002_SignInPage.java:183)
at pageObjects.PG_009_SignUpPage.Verify_Sign_Up_Header_Displayed(PG_009_SignUpPage.java:70)
... 30 more
Caused by: org.openqa.selenium.NoSuchElementException: Can't locate an element by this strategy: By.chained({AppiumBy.accessibilityId: Don't have an account? Sign up})
at io.appium.java_client.pagefactory.AppiumElementLocator.findElement(AppiumElementLocator.java:166)
at io.appium.java_client.pagefactory.interceptors.InterceptorOfASingleElement.call(InterceptorOfASingleElement.java:74)
at io.appium.java_client.proxy.Interceptor.intercept(Interceptor.java:78)
at org.openqa.selenium.remote.RemoteWebElement$ByteBuddy$5mEf0RzK.click(Unknown Source)
at pageObjects.PG_002_SignInPage.Click_On_SignUp(PG_002_SignInPage.java:177)
... 31 more
Caused by: org.openqa.selenium.TimeoutException: Expected condition failed: waiting for io.appium.java_client.pagefactory.AppiumElementLocator$WaitingFunction@33feda48 (tried for 1 second(s) with 500 milliseconds interval)
at org.openqa.selenium.support.ui.FluentWait.timeoutException(FluentWait.java:265)
at org.openqa.selenium.support.ui.FluentWait.until(FluentWait.java:228)
at io.appium.java_client.pagefactory.AppiumElementLocator.waitFor(AppiumElementLocator.java:135)
at io.appium.java_client.pagefactory.AppiumElementLocator.findElement(AppiumElementLocator.java:160)
... 35 more
Caused by: org.openqa.selenium.NoSuchElementException: Cannot locate an element using By.chained({AppiumBy.accessibilityId: Don't have an account? Sign up})
For documentation on this error, please visit: https://www.selenium.dev/documentation/webdriver/troubleshooting/errors#nosuchelementexception
Build info: version: '4.38.0', revision: '6b412e825c*'
System info: os.name: 'Windows 11', os.arch: 'amd64', os.version: '10.0', java.version: '11.0.25'
Driver info: driver.version: RemoteWebDriver
at io.appium.java_client.pagefactory.bys.builder.ByChained.findElement(ByChained.java:74)
at org.openqa.selenium.remote.ElementLocation$ElementFinder$1.findElement(ElementLocation.java:139)
at org.openqa.selenium.remote.ElementLocation.findElement(ElementLocation.java:81)
at org.openqa.selenium.remote.RemoteWebDriver.findElement(RemoteWebDriver.java:380)
at org.openqa.selenium.remote.RemoteWebDriver.findElement(RemoteWebDriver.java:374)
at io.appium.java_client.pagefactory.bys.ContentMappedBy.findElement(ContentMappedBy.java:54)
at org.openqa.selenium.remote.ElementLocation$ElementFinder$1.findElement(ElementLocation.java:139)
at org.openqa.selenium.remote.ElementLocation.findElement(ElementLocation.java:81)
at org.openqa.selenium.remote.RemoteWebDriver.findElement(RemoteWebDriver.java:380)
at org.openqa.selenium.remote.RemoteWebDriver.findElement(RemoteWebDriver.java:374)
at io.appium.java_client.pagefactory.AppiumElementLocator.lambda$findElement$1(AppiumElementLocator.java:160)
at io.appium.java_client.pagefactory.AppiumElementLocator$WaitingFunction.apply(AppiumElementLocator.java:217)
at io.appium.java_client.pagefactory.AppiumElementLocator$WaitingFunction.apply(AppiumElementLocator.java:210)
at org.openqa.selenium.support.ui.FluentWait.until(FluentWait.java:203)
... 37 more
... Removed 27 stack frames]]>
    </failure>
  </testcase> <!-- Validate_SignUp_Scenarios -->
</testsuite> <!-- SignInTesting -->
