<?xml version="1.0" encoding="UTF-8"?>
<!-- Generated by org.testng.reporters.JUnitXMLReporter -->
<testsuite ignored="0" hostname="DESKTOP-8AF4MIK" failures="0" tests="0" name="Test" time="0.024" errors="0" timestamp="2025-11-04T17:03:34 IST">
  <testcase classname="projectSpecifications.BaseClass" name="@BeforeSuite startReports" time="-1.762256014538E9">
    <failure type="org.testng.TestNGException" message="
Parameter &amp;apos;reportname&amp;apos; is required by BeforeSuite on method startReports but has not been marked @Optional or defined
in C:\Users\Hp\Downloads\Automation WorkSpace Eclipse-20251015T091304Z-1-001\Automation WorkSpace Eclipse\CHMobileAutomation\testng1.xml">
      <![CDATA[org.testng.TestNGException: 
Parameter 'reportname' is required by BeforeSuite on method startReports but has not been marked @Optional or defined
in C:\Users\Hp\Downloads\Automation WorkSpace Eclipse-20251015T091304Z-1-001\Automation WorkSpace Eclipse\CHMobileAutomation\testng1.xml
... Removed 16 stack frames]]>
    </failure>
  </testcase> <!-- @BeforeSuite startReports -->
  <testcase classname="testPackage.TC_003_OnlySwipeUp" name="@BeforeClass testDetails" time="-1.762256014561E9">
    <skipped/>
  </testcase> <!-- @BeforeClass testDetails -->
</testsuite> <!-- Test -->
