<?xml version="1.0" encoding="UTF-8"?>
<testng-results ignored="0" total="1" passed="1" failed="0" skipped="0">
  <reporter-output>
  </reporter-output>
  <suite started-at="2025-11-06T17:18:33 IST" name="AB CHOPRA APPLICATION" finished-at="2025-11-06T17:19:12 IST" duration-ms="39398">
    <groups>
    </groups>
    <test started-at="2025-11-06T17:18:33 IST" name="SignUpReport" finished-at="2025-11-06T17:19:12 IST" duration-ms="39398">
      <class name="testPackage.TC_002_SignIn">
        <test-method is-config="true" signature="startReports(java.lang.String)[pri:0, instance:testPackage.TC_002_SignIn@6933b6c6]" started-at="2025-11-06T17:18:32 IST" name="startReports" finished-at="2025-11-06T17:18:33 IST" duration-ms="255" status="PASS">
          <params>
            <param index="0">
              <value>
                <![CDATA[ABChopra_SignUpReport]]>
              </value>
            </param>
          </params>
          <reporter-output>
          </reporter-output>
        </test-method> <!-- startReports -->
        <test-method is-config="true" signature="testDetails()[pri:0, instance:testPackage.TC_002_SignIn@6933b6c6]" started-at="2025-11-06T17:18:33 IST" name="testDetails" finished-at="2025-11-06T17:18:33 IST" duration-ms="1" status="PASS">
          <reporter-output>
          </reporter-output>
        </test-method> <!-- testDetails -->
        <test-method is-config="true" signature="setUp(java.lang.String)[pri:0, instance:testPackage.TC_002_SignIn@6933b6c6]" started-at="2025-11-06T17:18:33 IST" name="setUp" finished-at="2025-11-06T17:18:41 IST" duration-ms="7861" status="PASS">
          <params>
            <param index="0">
              <value>
                <![CDATA[Android]]>
              </value>
            </param>
          </params>
          <reporter-output>
          </reporter-output>
        </test-method> <!-- setUp -->
        <test-method signature="Validate_Login_Scenarios(java.lang.String,java.lang.String,java.lang.String,java.lang.String,java.lang.String)[pri:0, instance:testPackage.TC_002_SignIn@6933b6c6]" started-at="2025-11-06T17:18:41 IST" name="Validate_Login_Scenarios" data-provider="sendData" finished-at="2025-11-06T17:19:11 IST" duration-ms="30250" status="PASS">
          <params>
            <param index="0">
              <value>
                <![CDATA[Validate login with valid credentials]]>
              </value>
            </param>
            <param index="1">
              <value>
                <![CDATA[ramesh@navadhiti.com]]>
              </value>
            </param>
            <param index="2">
              <value>
                <![CDATA[P@ssw0rd@321]]>
              </value>
            </param>
            <param index="3">
              <value>
                <![CDATA[Positive ]]>
              </value>
            </param>
            <param index="4">
              <value>
                <![CDATA[success]]>
              </value>
            </param>
          </params>
          <reporter-output>
          </reporter-output>
        </test-method> <!-- Validate_Login_Scenarios -->
        <test-method is-config="true" signature="tearDown()[pri:0, instance:testPackage.TC_002_SignIn@6933b6c6]" started-at="2025-11-06T17:19:11 IST" name="tearDown" finished-at="2025-11-06T17:19:12 IST" duration-ms="582" status="PASS">
          <reporter-output>
          </reporter-output>
        </test-method> <!-- tearDown -->
        <test-method is-config="true" signature="stopReports()[pri:0, instance:testPackage.TC_002_SignIn@6933b6c6]" started-at="2025-11-06T17:19:12 IST" name="stopReports" finished-at="2025-11-06T17:19:12 IST" duration-ms="310" status="PASS">
          <reporter-output>
          </reporter-output>
        </test-method> <!-- stopReports -->
      </class> <!-- testPackage.TC_002_SignIn -->
    </test> <!-- SignUpReport -->
  </suite> <!-- AB CHOPRA APPLICATION -->
</testng-results>
