<?xml version="1.0" encoding="UTF-8"?>
<!-- Generated by org.testng.reporters.JUnitReportReporter -->
<testsuite hostname="DESKTOP-8AF4MIK" failures="0" tests="2" name="testPackage.TC_003_OnlySwipeUp" time="13.944" errors="1" timestamp="2025-11-06T16:36:23 IST" skipped="1">
  <testcase classname="testPackage.TC_003_OnlySwipeUp" name="setUp" time="13.943">
    <error message="Could not start a new session. Response code 500. Message: An unknown server-side error occurred while processing the command. Original error: Error executing adbExec. Original error: &#039;Command &#039;C:\\Users\\Hp\\AppData\\Local\\Android\\Sdk\\platform-tools\\adb.exe -P 5037 -s 1dc3d76f install -g C:\\myautomation\\node_modules\\appium-uiautomator2-driver\\node_modules\\io.appium.settings\\apks\\settings_apk-debug.apk&#039; exited with code 1&#039;; Command output: adb: failed to install C:\myautomation\node_modules\appium-uiautomator2-driver\node_modules\io.appium.settings\apks\settings_apk-debug.apk: 
Exception occurred while executing &#039;install&#039;:
java.lang.SecurityException: You need the android.permission.INSTALL_GRANT_RUNTIME_PERMISSIONS permission to use the PackageManager.INSTALL_GRANT_ALL_REQUESTED_PERMISSIONS flag
	at com.android.server.pm.PackageInstallerService.createSessionInternal(PackageInstallerService.java:866)
	at com.android.server.pm.PackageInstallerService.createSession(PackageInstallerService.java:652)
	at com.android.server.pm.PackageManagerShellCommand.doCreateSession(PackageManager 
Host info: host: &#039;DESKTOP-8AF4MIK&#039;, ip: &#039;192.168.238.2&#039;
Build info: version: &#039;4.38.0&#039;, revision: &#039;6b412e825c*&#039;
System info: os.name: &#039;Windows 11&#039;, os.arch: &#039;amd64&#039;, os.version: &#039;10.0&#039;, java.version: &#039;11.0.25&#039;
Driver info: io.appium.java_client.android.AndroidDriver
Command: [null, newSession {capabilities=[Capabilities {appium:adbExecTimeout: 60000, appium:appActivity: com.houseofepigenetics.abch..., appium:appPackage: com.houseofepigenetics.abch..., appium:automationName: UiAutomator2, appium:deviceName: 1dc3d76f, appium:ignoreHiddenApiPolicyError: true, appium:noReset: true, appium:platformVersion: 14, platformName: ANDROID}]}]
Capabilities {appium:adbExecTimeout: 60000, appium:appActivity: com.houseofepigenetics.abch..., appium:appPackage: com.houseofepigenetics.abch..., appium:automationName: UiAutomator2, appium:deviceName: 1dc3d76f, appium:ignoreHiddenApiPolicyError: true, appium:noReset: true, appium:platformVersion: 14, platformName: ANDROID}" type="org.openqa.selenium.SessionNotCreatedException">
      <![CDATA[org.openqa.selenium.SessionNotCreatedException: Could not start a new session. Response code 500. Message: An unknown server-side error occurred while processing the command. Original error: Error executing adbExec. Original error: 'Command 'C:\\Users\\Hp\\AppData\\Local\\Android\\Sdk\\platform-tools\\adb.exe -P 5037 -s 1dc3d76f install -g C:\\myautomation\\node_modules\\appium-uiautomator2-driver\\node_modules\\io.appium.settings\\apks\\settings_apk-debug.apk' exited with code 1'; Command output: adb: failed to install C:\myautomation\node_modules\appium-uiautomator2-driver\node_modules\io.appium.settings\apks\settings_apk-debug.apk: 
Exception occurred while executing 'install':
java.lang.SecurityException: You need the android.permission.INSTALL_GRANT_RUNTIME_PERMISSIONS permission to use the PackageManager.INSTALL_GRANT_ALL_REQUESTED_PERMISSIONS flag
at com.android.server.pm.PackageInstallerService.createSessionInternal(PackageInstallerService.java:866)
at com.android.server.pm.PackageInstallerService.createSession(PackageInstallerService.java:652)
at com.android.server.pm.PackageManagerShellCommand.doCreateSession(PackageManager 
Host info: host: 'DESKTOP-8AF4MIK', ip: '192.168.238.2'
Build info: version: '4.38.0', revision: '6b412e825c*'
System info: os.name: 'Windows 11', os.arch: 'amd64', os.version: '10.0', java.version: '11.0.25'
Driver info: io.appium.java_client.android.AndroidDriver
Command: [null, newSession {capabilities=[Capabilities {appium:adbExecTimeout: 60000, appium:appActivity: com.houseofepigenetics.abch..., appium:appPackage: com.houseofepigenetics.abch..., appium:automationName: UiAutomator2, appium:deviceName: 1dc3d76f, appium:ignoreHiddenApiPolicyError: true, appium:noReset: true, appium:platformVersion: 14, platformName: ANDROID}]}]
Capabilities {appium:adbExecTimeout: 60000, appium:appActivity: com.houseofepigenetics.abch..., appium:appPackage: com.houseofepigenetics.abch..., appium:automationName: UiAutomator2, appium:deviceName: 1dc3d76f, appium:ignoreHiddenApiPolicyError: true, appium:noReset: true, appium:platformVersion: 14, platformName: ANDROID}
at org.openqa.selenium.remote.ProtocolHandshake.createSession(ProtocolHandshake.java:114)
at org.openqa.selenium.remote.ProtocolHandshake.createSession(ProtocolHandshake.java:75)
at org.openqa.selenium.remote.ProtocolHandshake.createSession(ProtocolHandshake.java:61)
at io.appium.java_client.remote.AppiumCommandExecutor.createSession(AppiumCommandExecutor.java:178)
at io.appium.java_client.remote.AppiumCommandExecutor.execute(AppiumCommandExecutor.java:243)
at org.openqa.selenium.remote.RemoteWebDriver.execute(RemoteWebDriver.java:557)
at io.appium.java_client.AppiumDriver.startSession(AppiumDriver.java:308)
at org.openqa.selenium.remote.RemoteWebDriver.<init>(RemoteWebDriver.java:174)
at io.appium.java_client.AppiumDriver.<init>(AppiumDriver.java:98)
at io.appium.java_client.AppiumDriver.<init>(AppiumDriver.java:109)
at io.appium.java_client.android.AndroidDriver.<init>(AndroidDriver.java:108)
at projectSpecifications.BaseClass.initializeDriver(BaseClass.java:146)
at projectSpecifications.BaseClass.setUp(BaseClass.java:95)
at java.base/jdk.internal.reflect.NativeMethodAccessorImpl.invoke0(Native Method)
at java.base/jdk.internal.reflect.NativeMethodAccessorImpl.invoke(NativeMethodAccessorImpl.java:62)
at java.base/jdk.internal.reflect.DelegatingMethodAccessorImpl.invoke(DelegatingMethodAccessorImpl.java:43)
at java.base/java.lang.reflect.Method.invoke(Method.java:566)
at org.testng.internal.MethodInvocationHelper.invokeMethod(MethodInvocationHelper.java:133)
at org.testng.internal.MethodInvocationHelper.invokeMethodConsideringTimeout(MethodInvocationHelper.java:62)
at org.testng.internal.ConfigInvoker.invokeConfigurationMethod(ConfigInvoker.java:385)
at org.testng.internal.ConfigInvoker.invokeConfigurations(ConfigInvoker.java:321)
at org.testng.internal.TestInvoker.runConfigMethods(TestInvoker.java:700)
at org.testng.internal.TestInvoker.invokeMethod(TestInvoker.java:527)
at org.testng.internal.TestInvoker.invokeTestMethod(TestInvoker.java:173)
at org.testng.internal.MethodRunner.runInSequence(MethodRunner.java:46)
at org.testng.internal.TestInvoker$MethodInvocationAgent.invoke(TestInvoker.java:824)
at org.testng.internal.TestInvoker.invokeTestMethods(TestInvoker.java:146)
at org.testng.internal.TestMethodWorker.invokeTestMethods(TestMethodWorker.java:146)
at org.testng.internal.TestMethodWorker.run(TestMethodWorker.java:128)
at java.base/java.util.ArrayList.forEach(ArrayList.java:1541)
at org.testng.TestRunner.privateRun(TestRunner.java:794)
at org.testng.TestRunner.run(TestRunner.java:596)
at org.testng.SuiteRunner.runTest(SuiteRunner.java:377)
at org.testng.SuiteRunner.access$000(SuiteRunner.java:28)
at org.testng.SuiteRunner$SuiteWorker.run(SuiteRunner.java:418)
at org.testng.internal.thread.ThreadUtil.lambda$execute$0(ThreadUtil.java:64)
at java.base/java.util.concurrent.FutureTask.run(FutureTask.java:264)
at java.base/java.util.concurrent.ThreadPoolExecutor.runWorker(ThreadPoolExecutor.java:1128)
at java.base/java.util.concurrent.ThreadPoolExecutor$Worker.run(ThreadPoolExecutor.java:628)
at java.base/java.lang.Thread.run(Thread.java:834)
]]>
    </error>
  </testcase> <!-- setUp -->
  <system-out/>
  <testcase classname="testPackage.TC_003_OnlySwipeUp" name="Validate_Login_Scenarios" time="0.001">
    <skipped/>
  </testcase> <!-- Validate_Login_Scenarios -->
  <system-out/>
</testsuite> <!-- testPackage.TC_003_OnlySwipeUp -->
