<html>
<head>
<title>TestNG:  SignUpReport</title>
<link href="../testng.css" rel="stylesheet" type="text/css" />
<link href="../my-testng.css" rel="stylesheet" type="text/css" />

<style type="text/css">
.log { display: none;} 
.stack-trace { display: none;} 
</style>
<script type="text/javascript">
<!--
function flip(e) {
  current = e.style.display;
  if (current == 'block') {
    e.style.display = 'none';
    return 0;
  }
  else {
    e.style.display = 'block';
    return 1;
  }
}

function toggleBox(szDivId, elem, msg1, msg2)
{
  var res = -1;  if (document.getElementById) {
    res = flip(document.getElementById(szDivId));
  }
  else if (document.all) {
    // this is the way old msie versions work
    res = flip(document.all[szDivId]);
  }
  if(elem) {
    if(res == 0) elem.innerHTML = msg1; else elem.innerHTML = msg2;
  }

}

function toggleAllBoxes() {
  if (document.getElementsByTagName) {
    d = document.getElementsByTagName('div');
    for (i = 0; i < d.length; i++) {
      if (d[i].className == 'log') {
        flip(d[i]);
      }
    }
  }
}

// -->
</script>

</head>
<body>
<h2 align='center'>SignUpReport</h2><table border='1' align="center">
<tr>
<td>Tests passed/Failed/Skipped:</td><td>13/3/0</td>
</tr><tr>
<td>Started on:</td><td>Tue Nov 04 17:52:40 IST 2025</td>
</tr>
<tr><td>Total time:</td><td>294 seconds (294289 ms)</td>
</tr><tr>
<td>Included groups:</td><td></td>
</tr><tr>
<td>Excluded groups:</td><td></td>
</tr>
</table><p/>
<small><i>(Hover the method name to see the test class name)</i></small><p/>
<table width='100%' border='1' class='invocation-failed'>
<tr><td colspan='4' align='center'><b>FAILED TESTS</b></td></tr>
<tr><td><b>Test method</b></td>
<td width="30%"><b>Exception</b></td>
<td width="10%"><b>Time (seconds)</b></td>
<td><b>Instance</b></td>
</tr>
<tr>
<td title='testPackage.TC_002_SignIn.Validate_Login_Scenarios()'><b>Validate_Login_Scenarios</b><br>Test class: testPackage.TC_002_SignIn<br>Parameters: Validate by Invalid password – no special characters, ramesh@navadhiti.com, Password123, NegativeEmail, Invalid email or password. Please check your credentials and try again.</td>
<td><div><pre>java.lang.RuntimeException: org.openqa.selenium.WebDriverException: An unknown server-side error occurred while processing the command. Original error: Could not proxy command to the remote server. Original error: socket hang up
Build info: version: &apos;4.38.0&apos;, revision: &apos;6b412e825c*&apos;
System info: os.name: &apos;Windows 11&apos;, os.arch: &apos;amd64&apos;, os.version: &apos;10.0&apos;, java.version: &apos;11.0.25&apos;
Driver info: io.appium.java_client.android.AndroidDriver
Command: [a8095905-cba1-44f2-8394-510dc98e4651, clickElement {id=00000000-0000-09ac-0000-000a00000004}]
Capabilities {appium:adbExecTimeout: 60000, appium:appActivity: com.houseofepigenetics.abch..., appium:appPackage: com.houseofepigenetics.abch..., appium:automationName: UiAutomator2, appium:databaseEnabled: false, appium:desired: {adbExecTimeout: 60000, appActivity: com.houseofepigenetics.abch..., appPackage: com.houseofepigenetics.abch..., automationName: UiAutomator2, deviceName: a861dfa, ignoreHiddenApiPolicyError: true, noReset: true, platformName: ANDROID, platformVersion: 13}, appium:deviceApiLevel: 33, appium:deviceManufacturer: OPPO, appium:deviceModel: CPH2219, appium:deviceName: a861dfa, appium:deviceScreenDensity: 480, appium:deviceScreenSize: 1080x2400, appium:deviceUDID: a861dfa, appium:ignoreHiddenApiPolicyError: true, appium:javascriptEnabled: true, appium:locationContextEnabled: false, appium:networkConnectionEnabled: true, appium:noReset: true, appium:pixelRatio: 3, appium:platformVersion: 13, appium:statBarHeight: 107, appium:takesScreenshot: true, appium:viewportRect: {height: 2293, left: 0, top: 107, width: 1080}, appium:warnings: {}, appium:webStorageEnabled: false, platformName: ANDROID}
Element: [[AndroidDriver:  on ANDROID (a8095905-cba1-44f2-8394-510dc98e4651)] -&gt; accessibility id: CONTINUE]
Session ID: a8095905-cba1-44f2-8394-510dc98e4651
	at pageObjects.PG_002_SignInPage.Click_On_Continue(PG_002_SignInPage.java:153)
	at testPackage.TC_002_SignIn.Validate_Login_Scenarios(TC_002_SignIn.java:32)
	at java.base/java.util.ArrayList.forEach(ArrayList.java:1541)
	at java.base/java.util.concurrent.FutureTask.run(FutureTask.java:264)
	at java.base/java.util.concurrent.ThreadPoolExecutor.runWorker(ThreadPoolExecutor.java:1128)
	at java.base/java.util.concurrent.ThreadPoolExecutor$Worker.run(ThreadPoolExecutor.java:628)
	at java.base/java.lang.Thread.run(Thread.java:834)
Caused by: org.openqa.selenium.WebDriverException: An unknown server-side error occurred while processing the command. Original error: Could not proxy command to the remote server. Original error: socket hang up
Build info: version: &apos;4.38.0&apos;, revision: &apos;6b412e825c*&apos;
System info: os.name: &apos;Windows 11&apos;, os.arch: &apos;amd64&apos;, os.version: &apos;10.0&apos;, java.version: &apos;11.0.25&apos;
Driver info: io.appium.java_client.android.AndroidDriver
Command: [a8095905-cba1-44f2-8394-510dc98e4651, clickElement {id=00000000-0000-09ac-0000-000a00000004}]
Capabilities {appium:adbExecTimeout: 60000, appium:appActivity: com.houseofepigenetics.abch..., appium:appPackage: com.houseofepigenetics.abch..., appium:automationName: UiAutomator2, appium:databaseEnabled: false, appium:desired: {adbExecTimeout: 60000, appActivity: com.houseofepigenetics.abch..., appPackage: com.houseofepigenetics.abch..., automationName: UiAutomator2, deviceName: a861dfa, ignoreHiddenApiPolicyError: true, noReset: true, platformName: ANDROID, platformVersion: 13}, appium:deviceApiLevel: 33, appium:deviceManufacturer: OPPO, appium:deviceModel: CPH2219, appium:deviceName: a861dfa, appium:deviceScreenDensity: 480, appium:deviceScreenSize: 1080x2400, appium:deviceUDID: a861dfa, appium:ignoreHiddenApiPolicyError: true, appium:javascriptEnabled: true, appium:locationContextEnabled: false, appium:networkConnectionEnabled: true, appium:noReset: true, appium:pixelRatio: 3, appium:platformVersion: 13, appium:statBarHeight: 107, appium:takesScreenshot: true, appium:viewportRect: {height: 2293, left: 0, top: 107, width: 1080}, appium:warnings: {}, appium:webStorageEnabled: false, platformName: ANDROID}
Element: [[AndroidDriver:  on ANDROID (a8095905-cba1-44f2-8394-510dc98e4651)] -&gt; accessibility id: CONTINUE]
Session ID: a8095905-cba1-44f2-8394-510dc98e4651
	at org.openqa.selenium.remote.ErrorCodec.decode(ErrorCodec.java:167)
	at org.openqa.selenium.remote.codec.w3c.W3CHttpResponseCodec.decode(W3CHttpResponseCodec.java:138)
	at org.openqa.selenium.remote.codec.w3c.W3CHttpResponseCodec.decode(W3CHttpResponseCodec.java:50)
	at org.openqa.selenium.remote.HttpCommandExecutor.execute(HttpCommandExecutor.java:215)
	at io.appium.java_client.remote.AppiumCommandExecutor.execute(AppiumCommandExecutor.java:243)
	at org.openqa.selenium.remote.RemoteWebDriver.execute(RemoteWebDriver.java:557)
	at org.openqa.selenium.remote.RemoteWebElement.execute(RemoteWebElement.java:223)
	at org.openqa.selenium.remote.RemoteWebElement.click(RemoteWebElement.java:76)
	at io.appium.java_client.pagefactory.ElementInterceptor.getObject(ElementInterceptor.java:42)
	at io.appium.java_client.pagefactory.interceptors.InterceptorOfASingleElement.call(InterceptorOfASingleElement.java:78)
	at io.appium.java_client.proxy.Interceptor.intercept(Interceptor.java:78)
	at org.openqa.selenium.remote.RemoteWebElement$ByteBuddy$rbyYjEkO.click(Unknown Source)
	at pageObjects.PG_002_SignInPage.Click_On_Continue(PG_002_SignInPage.java:147)
	... 24 more
... Removed 25 stack frames</pre></div><a href='#' onClick='toggleBox("stack-trace1541607394", this, "Click to show all stack frames", "Click to hide stack frames")'>Click to show all stack frames</a>
<div class='stack-trace' id='stack-trace1541607394'><pre>java.lang.RuntimeException: org.openqa.selenium.WebDriverException: An unknown server-side error occurred while processing the command. Original error: Could not proxy command to the remote server. Original error: socket hang up
Build info: version: &apos;4.38.0&apos;, revision: &apos;6b412e825c*&apos;
System info: os.name: &apos;Windows 11&apos;, os.arch: &apos;amd64&apos;, os.version: &apos;10.0&apos;, java.version: &apos;11.0.25&apos;
Driver info: io.appium.java_client.android.AndroidDriver
Command: [a8095905-cba1-44f2-8394-510dc98e4651, clickElement {id=00000000-0000-09ac-0000-000a00000004}]
Capabilities {appium:adbExecTimeout: 60000, appium:appActivity: com.houseofepigenetics.abch..., appium:appPackage: com.houseofepigenetics.abch..., appium:automationName: UiAutomator2, appium:databaseEnabled: false, appium:desired: {adbExecTimeout: 60000, appActivity: com.houseofepigenetics.abch..., appPackage: com.houseofepigenetics.abch..., automationName: UiAutomator2, deviceName: a861dfa, ignoreHiddenApiPolicyError: true, noReset: true, platformName: ANDROID, platformVersion: 13}, appium:deviceApiLevel: 33, appium:deviceManufacturer: OPPO, appium:deviceModel: CPH2219, appium:deviceName: a861dfa, appium:deviceScreenDensity: 480, appium:deviceScreenSize: 1080x2400, appium:deviceUDID: a861dfa, appium:ignoreHiddenApiPolicyError: true, appium:javascriptEnabled: true, appium:locationContextEnabled: false, appium:networkConnectionEnabled: true, appium:noReset: true, appium:pixelRatio: 3, appium:platformVersion: 13, appium:statBarHeight: 107, appium:takesScreenshot: true, appium:viewportRect: {height: 2293, left: 0, top: 107, width: 1080}, appium:warnings: {}, appium:webStorageEnabled: false, platformName: ANDROID}
Element: [[AndroidDriver:  on ANDROID (a8095905-cba1-44f2-8394-510dc98e4651)] -&gt; accessibility id: CONTINUE]
Session ID: a8095905-cba1-44f2-8394-510dc98e4651
	at pageObjects.PG_002_SignInPage.Click_On_Continue(PG_002_SignInPage.java:153)
	at testPackage.TC_002_SignIn.Validate_Login_Scenarios(TC_002_SignIn.java:32)
	at java.base/jdk.internal.reflect.NativeMethodAccessorImpl.invoke0(Native Method)
	at java.base/jdk.internal.reflect.NativeMethodAccessorImpl.invoke(NativeMethodAccessorImpl.java:62)
	at java.base/jdk.internal.reflect.DelegatingMethodAccessorImpl.invoke(DelegatingMethodAccessorImpl.java:43)
	at java.base/java.lang.reflect.Method.invoke(Method.java:566)
	at org.testng.internal.MethodInvocationHelper.invokeMethod(MethodInvocationHelper.java:133)
	at org.testng.internal.TestInvoker.invokeMethod(TestInvoker.java:598)
	at org.testng.internal.TestInvoker.invokeTestMethod(TestInvoker.java:173)
	at org.testng.internal.MethodRunner.runInSequence(MethodRunner.java:46)
	at org.testng.internal.TestInvoker$MethodInvocationAgent.invoke(TestInvoker.java:824)
	at org.testng.internal.TestInvoker.invokeTestMethods(TestInvoker.java:146)
	at org.testng.internal.TestMethodWorker.invokeTestMethods(TestMethodWorker.java:146)
	at org.testng.internal.TestMethodWorker.run(TestMethodWorker.java:128)
	at java.base/java.util.ArrayList.forEach(ArrayList.java:1541)
	at org.testng.TestRunner.privateRun(TestRunner.java:794)
	at org.testng.TestRunner.run(TestRunner.java:596)
	at org.testng.SuiteRunner.runTest(SuiteRunner.java:377)
	at org.testng.SuiteRunner.access$000(SuiteRunner.java:28)
	at org.testng.SuiteRunner$SuiteWorker.run(SuiteRunner.java:418)
	at org.testng.internal.thread.ThreadUtil.lambda$execute$0(ThreadUtil.java:64)
	at java.base/java.util.concurrent.FutureTask.run(FutureTask.java:264)
	at java.base/java.util.concurrent.ThreadPoolExecutor.runWorker(ThreadPoolExecutor.java:1128)
	at java.base/java.util.concurrent.ThreadPoolExecutor$Worker.run(ThreadPoolExecutor.java:628)
	at java.base/java.lang.Thread.run(Thread.java:834)
Caused by: org.openqa.selenium.WebDriverException: An unknown server-side error occurred while processing the command. Original error: Could not proxy command to the remote server. Original error: socket hang up
Build info: version: &apos;4.38.0&apos;, revision: &apos;6b412e825c*&apos;
System info: os.name: &apos;Windows 11&apos;, os.arch: &apos;amd64&apos;, os.version: &apos;10.0&apos;, java.version: &apos;11.0.25&apos;
Driver info: io.appium.java_client.android.AndroidDriver
Command: [a8095905-cba1-44f2-8394-510dc98e4651, clickElement {id=00000000-0000-09ac-0000-000a00000004}]
Capabilities {appium:adbExecTimeout: 60000, appium:appActivity: com.houseofepigenetics.abch..., appium:appPackage: com.houseofepigenetics.abch..., appium:automationName: UiAutomator2, appium:databaseEnabled: false, appium:desired: {adbExecTimeout: 60000, appActivity: com.houseofepigenetics.abch..., appPackage: com.houseofepigenetics.abch..., automationName: UiAutomator2, deviceName: a861dfa, ignoreHiddenApiPolicyError: true, noReset: true, platformName: ANDROID, platformVersion: 13}, appium:deviceApiLevel: 33, appium:deviceManufacturer: OPPO, appium:deviceModel: CPH2219, appium:deviceName: a861dfa, appium:deviceScreenDensity: 480, appium:deviceScreenSize: 1080x2400, appium:deviceUDID: a861dfa, appium:ignoreHiddenApiPolicyError: true, appium:javascriptEnabled: true, appium:locationContextEnabled: false, appium:networkConnectionEnabled: true, appium:noReset: true, appium:pixelRatio: 3, appium:platformVersion: 13, appium:statBarHeight: 107, appium:takesScreenshot: true, appium:viewportRect: {height: 2293, left: 0, top: 107, width: 1080}, appium:warnings: {}, appium:webStorageEnabled: false, platformName: ANDROID}
Element: [[AndroidDriver:  on ANDROID (a8095905-cba1-44f2-8394-510dc98e4651)] -&gt; accessibility id: CONTINUE]
Session ID: a8095905-cba1-44f2-8394-510dc98e4651
	at java.base/jdk.internal.reflect.NativeConstructorAccessorImpl.newInstance0(Native Method)
	at java.base/jdk.internal.reflect.NativeConstructorAccessorImpl.newInstance(NativeConstructorAccessorImpl.java:62)
	at java.base/jdk.internal.reflect.DelegatingConstructorAccessorImpl.newInstance(DelegatingConstructorAccessorImpl.java:45)
	at java.base/java.lang.reflect.Constructor.newInstance(Constructor.java:490)
	at org.openqa.selenium.remote.ErrorCodec.decode(ErrorCodec.java:167)
	at org.openqa.selenium.remote.codec.w3c.W3CHttpResponseCodec.decode(W3CHttpResponseCodec.java:138)
	at org.openqa.selenium.remote.codec.w3c.W3CHttpResponseCodec.decode(W3CHttpResponseCodec.java:50)
	at org.openqa.selenium.remote.HttpCommandExecutor.execute(HttpCommandExecutor.java:215)
	at io.appium.java_client.remote.AppiumCommandExecutor.execute(AppiumCommandExecutor.java:243)
	at org.openqa.selenium.remote.RemoteWebDriver.execute(RemoteWebDriver.java:557)
	at org.openqa.selenium.remote.RemoteWebElement.execute(RemoteWebElement.java:223)
	at org.openqa.selenium.remote.RemoteWebElement.click(RemoteWebElement.java:76)
	at jdk.internal.reflect.GeneratedMethodAccessor22.invoke(Unknown Source)
	at java.base/jdk.internal.reflect.DelegatingMethodAccessorImpl.invoke(DelegatingMethodAccessorImpl.java:43)
	at java.base/java.lang.reflect.Method.invoke(Method.java:566)
	at io.appium.java_client.pagefactory.ElementInterceptor.getObject(ElementInterceptor.java:42)
	at io.appium.java_client.pagefactory.interceptors.InterceptorOfASingleElement.call(InterceptorOfASingleElement.java:78)
	at io.appium.java_client.proxy.Interceptor.intercept(Interceptor.java:78)
	at org.openqa.selenium.remote.RemoteWebElement$ByteBuddy$rbyYjEkO.click(Unknown Source)
	at pageObjects.PG_002_SignInPage.Click_On_Continue(PG_002_SignInPage.java:147)
	... 24 more
</pre></div></td>
<td>9</td>
<td>testPackage.TC_002_SignIn@6933b6c6</td></tr>
<tr>
<td title='testPackage.TC_002_SignIn.Validate_Login_Scenarios()'><b>Validate_Login_Scenarios</b><br>Test class: testPackage.TC_002_SignIn<br>Parameters: Validate by Invalid password – missing number, ramesh@navadhiti.com, P@ssword, NegativeEmail, Invalid email or password. Please check your credentials and try again.</td>
<td><div><pre>java.lang.RuntimeException: org.openqa.selenium.WebDriverException: An unknown server-side error occurred while processing the command. Original error: Could not proxy command to the remote server. Original error: socket hang up
Build info: version: &apos;4.38.0&apos;, revision: &apos;6b412e825c*&apos;
System info: os.name: &apos;Windows 11&apos;, os.arch: &apos;amd64&apos;, os.version: &apos;10.0&apos;, java.version: &apos;11.0.25&apos;
Driver info: io.appium.java_client.android.AndroidDriver
Command: [7750a2b6-a278-4d22-b982-fe150927cdae, clickElement {id=00000000-0000-09cc-0000-000a00000004}]
Capabilities {appium:adbExecTimeout: 60000, appium:appActivity: com.houseofepigenetics.abch..., appium:appPackage: com.houseofepigenetics.abch..., appium:automationName: UiAutomator2, appium:databaseEnabled: false, appium:desired: {adbExecTimeout: 60000, appActivity: com.houseofepigenetics.abch..., appPackage: com.houseofepigenetics.abch..., automationName: UiAutomator2, deviceName: a861dfa, ignoreHiddenApiPolicyError: true, noReset: true, platformName: ANDROID, platformVersion: 13}, appium:deviceApiLevel: 33, appium:deviceManufacturer: OPPO, appium:deviceModel: CPH2219, appium:deviceName: a861dfa, appium:deviceScreenDensity: 480, appium:deviceScreenSize: 1080x2400, appium:deviceUDID: a861dfa, appium:ignoreHiddenApiPolicyError: true, appium:javascriptEnabled: true, appium:locationContextEnabled: false, appium:networkConnectionEnabled: true, appium:noReset: true, appium:pixelRatio: 3, appium:platformVersion: 13, appium:statBarHeight: 107, appium:takesScreenshot: true, appium:viewportRect: {height: 2293, left: 0, top: 107, width: 1080}, appium:warnings: {}, appium:webStorageEnabled: false, platformName: ANDROID}
Element: [[AndroidDriver:  on ANDROID (7750a2b6-a278-4d22-b982-fe150927cdae)] -&gt; accessibility id: CONTINUE]
Session ID: 7750a2b6-a278-4d22-b982-fe150927cdae
	at pageObjects.PG_002_SignInPage.Click_On_Continue(PG_002_SignInPage.java:153)
	at testPackage.TC_002_SignIn.Validate_Login_Scenarios(TC_002_SignIn.java:32)
	at java.base/java.util.ArrayList.forEach(ArrayList.java:1541)
	at java.base/java.util.concurrent.FutureTask.run(FutureTask.java:264)
	at java.base/java.util.concurrent.ThreadPoolExecutor.runWorker(ThreadPoolExecutor.java:1128)
	at java.base/java.util.concurrent.ThreadPoolExecutor$Worker.run(ThreadPoolExecutor.java:628)
	at java.base/java.lang.Thread.run(Thread.java:834)
Caused by: org.openqa.selenium.WebDriverException: An unknown server-side error occurred while processing the command. Original error: Could not proxy command to the remote server. Original error: socket hang up
Build info: version: &apos;4.38.0&apos;, revision: &apos;6b412e825c*&apos;
System info: os.name: &apos;Windows 11&apos;, os.arch: &apos;amd64&apos;, os.version: &apos;10.0&apos;, java.version: &apos;11.0.25&apos;
Driver info: io.appium.java_client.android.AndroidDriver
Command: [7750a2b6-a278-4d22-b982-fe150927cdae, clickElement {id=00000000-0000-09cc-0000-000a00000004}]
Capabilities {appium:adbExecTimeout: 60000, appium:appActivity: com.houseofepigenetics.abch..., appium:appPackage: com.houseofepigenetics.abch..., appium:automationName: UiAutomator2, appium:databaseEnabled: false, appium:desired: {adbExecTimeout: 60000, appActivity: com.houseofepigenetics.abch..., appPackage: com.houseofepigenetics.abch..., automationName: UiAutomator2, deviceName: a861dfa, ignoreHiddenApiPolicyError: true, noReset: true, platformName: ANDROID, platformVersion: 13}, appium:deviceApiLevel: 33, appium:deviceManufacturer: OPPO, appium:deviceModel: CPH2219, appium:deviceName: a861dfa, appium:deviceScreenDensity: 480, appium:deviceScreenSize: 1080x2400, appium:deviceUDID: a861dfa, appium:ignoreHiddenApiPolicyError: true, appium:javascriptEnabled: true, appium:locationContextEnabled: false, appium:networkConnectionEnabled: true, appium:noReset: true, appium:pixelRatio: 3, appium:platformVersion: 13, appium:statBarHeight: 107, appium:takesScreenshot: true, appium:viewportRect: {height: 2293, left: 0, top: 107, width: 1080}, appium:warnings: {}, appium:webStorageEnabled: false, platformName: ANDROID}
Element: [[AndroidDriver:  on ANDROID (7750a2b6-a278-4d22-b982-fe150927cdae)] -&gt; accessibility id: CONTINUE]
Session ID: 7750a2b6-a278-4d22-b982-fe150927cdae
	at org.openqa.selenium.remote.ErrorCodec.decode(ErrorCodec.java:167)
	at org.openqa.selenium.remote.codec.w3c.W3CHttpResponseCodec.decode(W3CHttpResponseCodec.java:138)
	at org.openqa.selenium.remote.codec.w3c.W3CHttpResponseCodec.decode(W3CHttpResponseCodec.java:50)
	at org.openqa.selenium.remote.HttpCommandExecutor.execute(HttpCommandExecutor.java:215)
	at io.appium.java_client.remote.AppiumCommandExecutor.execute(AppiumCommandExecutor.java:243)
	at org.openqa.selenium.remote.RemoteWebDriver.execute(RemoteWebDriver.java:557)
	at org.openqa.selenium.remote.RemoteWebElement.execute(RemoteWebElement.java:223)
	at org.openqa.selenium.remote.RemoteWebElement.click(RemoteWebElement.java:76)
	at io.appium.java_client.pagefactory.ElementInterceptor.getObject(ElementInterceptor.java:42)
	at io.appium.java_client.pagefactory.interceptors.InterceptorOfASingleElement.call(InterceptorOfASingleElement.java:78)
	at io.appium.java_client.proxy.Interceptor.intercept(Interceptor.java:78)
	at org.openqa.selenium.remote.RemoteWebElement$ByteBuddy$rbyYjEkO.click(Unknown Source)
	at pageObjects.PG_002_SignInPage.Click_On_Continue(PG_002_SignInPage.java:147)
	... 24 more
... Removed 25 stack frames</pre></div><a href='#' onClick='toggleBox("stack-trace1939320515", this, "Click to show all stack frames", "Click to hide stack frames")'>Click to show all stack frames</a>
<div class='stack-trace' id='stack-trace1939320515'><pre>java.lang.RuntimeException: org.openqa.selenium.WebDriverException: An unknown server-side error occurred while processing the command. Original error: Could not proxy command to the remote server. Original error: socket hang up
Build info: version: &apos;4.38.0&apos;, revision: &apos;6b412e825c*&apos;
System info: os.name: &apos;Windows 11&apos;, os.arch: &apos;amd64&apos;, os.version: &apos;10.0&apos;, java.version: &apos;11.0.25&apos;
Driver info: io.appium.java_client.android.AndroidDriver
Command: [7750a2b6-a278-4d22-b982-fe150927cdae, clickElement {id=00000000-0000-09cc-0000-000a00000004}]
Capabilities {appium:adbExecTimeout: 60000, appium:appActivity: com.houseofepigenetics.abch..., appium:appPackage: com.houseofepigenetics.abch..., appium:automationName: UiAutomator2, appium:databaseEnabled: false, appium:desired: {adbExecTimeout: 60000, appActivity: com.houseofepigenetics.abch..., appPackage: com.houseofepigenetics.abch..., automationName: UiAutomator2, deviceName: a861dfa, ignoreHiddenApiPolicyError: true, noReset: true, platformName: ANDROID, platformVersion: 13}, appium:deviceApiLevel: 33, appium:deviceManufacturer: OPPO, appium:deviceModel: CPH2219, appium:deviceName: a861dfa, appium:deviceScreenDensity: 480, appium:deviceScreenSize: 1080x2400, appium:deviceUDID: a861dfa, appium:ignoreHiddenApiPolicyError: true, appium:javascriptEnabled: true, appium:locationContextEnabled: false, appium:networkConnectionEnabled: true, appium:noReset: true, appium:pixelRatio: 3, appium:platformVersion: 13, appium:statBarHeight: 107, appium:takesScreenshot: true, appium:viewportRect: {height: 2293, left: 0, top: 107, width: 1080}, appium:warnings: {}, appium:webStorageEnabled: false, platformName: ANDROID}
Element: [[AndroidDriver:  on ANDROID (7750a2b6-a278-4d22-b982-fe150927cdae)] -&gt; accessibility id: CONTINUE]
Session ID: 7750a2b6-a278-4d22-b982-fe150927cdae
	at pageObjects.PG_002_SignInPage.Click_On_Continue(PG_002_SignInPage.java:153)
	at testPackage.TC_002_SignIn.Validate_Login_Scenarios(TC_002_SignIn.java:32)
	at java.base/jdk.internal.reflect.NativeMethodAccessorImpl.invoke0(Native Method)
	at java.base/jdk.internal.reflect.NativeMethodAccessorImpl.invoke(NativeMethodAccessorImpl.java:62)
	at java.base/jdk.internal.reflect.DelegatingMethodAccessorImpl.invoke(DelegatingMethodAccessorImpl.java:43)
	at java.base/java.lang.reflect.Method.invoke(Method.java:566)
	at org.testng.internal.MethodInvocationHelper.invokeMethod(MethodInvocationHelper.java:133)
	at org.testng.internal.TestInvoker.invokeMethod(TestInvoker.java:598)
	at org.testng.internal.TestInvoker.invokeTestMethod(TestInvoker.java:173)
	at org.testng.internal.MethodRunner.runInSequence(MethodRunner.java:46)
	at org.testng.internal.TestInvoker$MethodInvocationAgent.invoke(TestInvoker.java:824)
	at org.testng.internal.TestInvoker.invokeTestMethods(TestInvoker.java:146)
	at org.testng.internal.TestMethodWorker.invokeTestMethods(TestMethodWorker.java:146)
	at org.testng.internal.TestMethodWorker.run(TestMethodWorker.java:128)
	at java.base/java.util.ArrayList.forEach(ArrayList.java:1541)
	at org.testng.TestRunner.privateRun(TestRunner.java:794)
	at org.testng.TestRunner.run(TestRunner.java:596)
	at org.testng.SuiteRunner.runTest(SuiteRunner.java:377)
	at org.testng.SuiteRunner.access$000(SuiteRunner.java:28)
	at org.testng.SuiteRunner$SuiteWorker.run(SuiteRunner.java:418)
	at org.testng.internal.thread.ThreadUtil.lambda$execute$0(ThreadUtil.java:64)
	at java.base/java.util.concurrent.FutureTask.run(FutureTask.java:264)
	at java.base/java.util.concurrent.ThreadPoolExecutor.runWorker(ThreadPoolExecutor.java:1128)
	at java.base/java.util.concurrent.ThreadPoolExecutor$Worker.run(ThreadPoolExecutor.java:628)
	at java.base/java.lang.Thread.run(Thread.java:834)
Caused by: org.openqa.selenium.WebDriverException: An unknown server-side error occurred while processing the command. Original error: Could not proxy command to the remote server. Original error: socket hang up
Build info: version: &apos;4.38.0&apos;, revision: &apos;6b412e825c*&apos;
System info: os.name: &apos;Windows 11&apos;, os.arch: &apos;amd64&apos;, os.version: &apos;10.0&apos;, java.version: &apos;11.0.25&apos;
Driver info: io.appium.java_client.android.AndroidDriver
Command: [7750a2b6-a278-4d22-b982-fe150927cdae, clickElement {id=00000000-0000-09cc-0000-000a00000004}]
Capabilities {appium:adbExecTimeout: 60000, appium:appActivity: com.houseofepigenetics.abch..., appium:appPackage: com.houseofepigenetics.abch..., appium:automationName: UiAutomator2, appium:databaseEnabled: false, appium:desired: {adbExecTimeout: 60000, appActivity: com.houseofepigenetics.abch..., appPackage: com.houseofepigenetics.abch..., automationName: UiAutomator2, deviceName: a861dfa, ignoreHiddenApiPolicyError: true, noReset: true, platformName: ANDROID, platformVersion: 13}, appium:deviceApiLevel: 33, appium:deviceManufacturer: OPPO, appium:deviceModel: CPH2219, appium:deviceName: a861dfa, appium:deviceScreenDensity: 480, appium:deviceScreenSize: 1080x2400, appium:deviceUDID: a861dfa, appium:ignoreHiddenApiPolicyError: true, appium:javascriptEnabled: true, appium:locationContextEnabled: false, appium:networkConnectionEnabled: true, appium:noReset: true, appium:pixelRatio: 3, appium:platformVersion: 13, appium:statBarHeight: 107, appium:takesScreenshot: true, appium:viewportRect: {height: 2293, left: 0, top: 107, width: 1080}, appium:warnings: {}, appium:webStorageEnabled: false, platformName: ANDROID}
Element: [[AndroidDriver:  on ANDROID (7750a2b6-a278-4d22-b982-fe150927cdae)] -&gt; accessibility id: CONTINUE]
Session ID: 7750a2b6-a278-4d22-b982-fe150927cdae
	at java.base/jdk.internal.reflect.NativeConstructorAccessorImpl.newInstance0(Native Method)
	at java.base/jdk.internal.reflect.NativeConstructorAccessorImpl.newInstance(NativeConstructorAccessorImpl.java:62)
	at java.base/jdk.internal.reflect.DelegatingConstructorAccessorImpl.newInstance(DelegatingConstructorAccessorImpl.java:45)
	at java.base/java.lang.reflect.Constructor.newInstance(Constructor.java:490)
	at org.openqa.selenium.remote.ErrorCodec.decode(ErrorCodec.java:167)
	at org.openqa.selenium.remote.codec.w3c.W3CHttpResponseCodec.decode(W3CHttpResponseCodec.java:138)
	at org.openqa.selenium.remote.codec.w3c.W3CHttpResponseCodec.decode(W3CHttpResponseCodec.java:50)
	at org.openqa.selenium.remote.HttpCommandExecutor.execute(HttpCommandExecutor.java:215)
	at io.appium.java_client.remote.AppiumCommandExecutor.execute(AppiumCommandExecutor.java:243)
	at org.openqa.selenium.remote.RemoteWebDriver.execute(RemoteWebDriver.java:557)
	at org.openqa.selenium.remote.RemoteWebElement.execute(RemoteWebElement.java:223)
	at org.openqa.selenium.remote.RemoteWebElement.click(RemoteWebElement.java:76)
	at jdk.internal.reflect.GeneratedMethodAccessor22.invoke(Unknown Source)
	at java.base/jdk.internal.reflect.DelegatingMethodAccessorImpl.invoke(DelegatingMethodAccessorImpl.java:43)
	at java.base/java.lang.reflect.Method.invoke(Method.java:566)
	at io.appium.java_client.pagefactory.ElementInterceptor.getObject(ElementInterceptor.java:42)
	at io.appium.java_client.pagefactory.interceptors.InterceptorOfASingleElement.call(InterceptorOfASingleElement.java:78)
	at io.appium.java_client.proxy.Interceptor.intercept(Interceptor.java:78)
	at org.openqa.selenium.remote.RemoteWebElement$ByteBuddy$rbyYjEkO.click(Unknown Source)
	at pageObjects.PG_002_SignInPage.Click_On_Continue(PG_002_SignInPage.java:147)
	... 24 more
</pre></div></td>
<td>9</td>
<td>testPackage.TC_002_SignIn@6933b6c6</td></tr>
<tr>
<td title='testPackage.TC_002_SignIn.Validate_Login_Scenarios()'><b>Validate_Login_Scenarios</b><br>Test class: testPackage.TC_002_SignIn<br>Parameters: Validate by Invalid password – wrong but valid format, ramesh@navadhiti.com, Wrong@123, NegativeEmail, Invalid email or password. Please check your credentials and try again.</td>
<td><div><pre>java.lang.RuntimeException: org.openqa.selenium.WebDriverException: An unknown server-side error occurred while processing the command. Original error: Could not proxy command to the remote server. Original error: socket hang up
Build info: version: &apos;4.38.0&apos;, revision: &apos;6b412e825c*&apos;
System info: os.name: &apos;Windows 11&apos;, os.arch: &apos;amd64&apos;, os.version: &apos;10.0&apos;, java.version: &apos;11.0.25&apos;
Driver info: io.appium.java_client.android.AndroidDriver
Command: [408193f4-aab5-4caa-a5e8-a1282a30f5e5, clickElement {id=00000000-0000-09ec-0000-000a00000004}]
Capabilities {appium:adbExecTimeout: 60000, appium:appActivity: com.houseofepigenetics.abch..., appium:appPackage: com.houseofepigenetics.abch..., appium:automationName: UiAutomator2, appium:databaseEnabled: false, appium:desired: {adbExecTimeout: 60000, appActivity: com.houseofepigenetics.abch..., appPackage: com.houseofepigenetics.abch..., automationName: UiAutomator2, deviceName: a861dfa, ignoreHiddenApiPolicyError: true, noReset: true, platformName: ANDROID, platformVersion: 13}, appium:deviceApiLevel: 33, appium:deviceManufacturer: OPPO, appium:deviceModel: CPH2219, appium:deviceName: a861dfa, appium:deviceScreenDensity: 480, appium:deviceScreenSize: 1080x2400, appium:deviceUDID: a861dfa, appium:ignoreHiddenApiPolicyError: true, appium:javascriptEnabled: true, appium:locationContextEnabled: false, appium:networkConnectionEnabled: true, appium:noReset: true, appium:pixelRatio: 3, appium:platformVersion: 13, appium:statBarHeight: 107, appium:takesScreenshot: true, appium:viewportRect: {height: 2293, left: 0, top: 107, width: 1080}, appium:warnings: {}, appium:webStorageEnabled: false, platformName: ANDROID}
Element: [[AndroidDriver:  on ANDROID (408193f4-aab5-4caa-a5e8-a1282a30f5e5)] -&gt; accessibility id: CONTINUE]
Session ID: 408193f4-aab5-4caa-a5e8-a1282a30f5e5
	at pageObjects.PG_002_SignInPage.Click_On_Continue(PG_002_SignInPage.java:153)
	at testPackage.TC_002_SignIn.Validate_Login_Scenarios(TC_002_SignIn.java:32)
	at java.base/java.util.ArrayList.forEach(ArrayList.java:1541)
	at java.base/java.util.concurrent.FutureTask.run(FutureTask.java:264)
	at java.base/java.util.concurrent.ThreadPoolExecutor.runWorker(ThreadPoolExecutor.java:1128)
	at java.base/java.util.concurrent.ThreadPoolExecutor$Worker.run(ThreadPoolExecutor.java:628)
	at java.base/java.lang.Thread.run(Thread.java:834)
Caused by: org.openqa.selenium.WebDriverException: An unknown server-side error occurred while processing the command. Original error: Could not proxy command to the remote server. Original error: socket hang up
Build info: version: &apos;4.38.0&apos;, revision: &apos;6b412e825c*&apos;
System info: os.name: &apos;Windows 11&apos;, os.arch: &apos;amd64&apos;, os.version: &apos;10.0&apos;, java.version: &apos;11.0.25&apos;
Driver info: io.appium.java_client.android.AndroidDriver
Command: [408193f4-aab5-4caa-a5e8-a1282a30f5e5, clickElement {id=00000000-0000-09ec-0000-000a00000004}]
Capabilities {appium:adbExecTimeout: 60000, appium:appActivity: com.houseofepigenetics.abch..., appium:appPackage: com.houseofepigenetics.abch..., appium:automationName: UiAutomator2, appium:databaseEnabled: false, appium:desired: {adbExecTimeout: 60000, appActivity: com.houseofepigenetics.abch..., appPackage: com.houseofepigenetics.abch..., automationName: UiAutomator2, deviceName: a861dfa, ignoreHiddenApiPolicyError: true, noReset: true, platformName: ANDROID, platformVersion: 13}, appium:deviceApiLevel: 33, appium:deviceManufacturer: OPPO, appium:deviceModel: CPH2219, appium:deviceName: a861dfa, appium:deviceScreenDensity: 480, appium:deviceScreenSize: 1080x2400, appium:deviceUDID: a861dfa, appium:ignoreHiddenApiPolicyError: true, appium:javascriptEnabled: true, appium:locationContextEnabled: false, appium:networkConnectionEnabled: true, appium:noReset: true, appium:pixelRatio: 3, appium:platformVersion: 13, appium:statBarHeight: 107, appium:takesScreenshot: true, appium:viewportRect: {height: 2293, left: 0, top: 107, width: 1080}, appium:warnings: {}, appium:webStorageEnabled: false, platformName: ANDROID}
Element: [[AndroidDriver:  on ANDROID (408193f4-aab5-4caa-a5e8-a1282a30f5e5)] -&gt; accessibility id: CONTINUE]
Session ID: 408193f4-aab5-4caa-a5e8-a1282a30f5e5
	at org.openqa.selenium.remote.ErrorCodec.decode(ErrorCodec.java:167)
	at org.openqa.selenium.remote.codec.w3c.W3CHttpResponseCodec.decode(W3CHttpResponseCodec.java:138)
	at org.openqa.selenium.remote.codec.w3c.W3CHttpResponseCodec.decode(W3CHttpResponseCodec.java:50)
	at org.openqa.selenium.remote.HttpCommandExecutor.execute(HttpCommandExecutor.java:215)
	at io.appium.java_client.remote.AppiumCommandExecutor.execute(AppiumCommandExecutor.java:243)
	at org.openqa.selenium.remote.RemoteWebDriver.execute(RemoteWebDriver.java:557)
	at org.openqa.selenium.remote.RemoteWebElement.execute(RemoteWebElement.java:223)
	at org.openqa.selenium.remote.RemoteWebElement.click(RemoteWebElement.java:76)
	at io.appium.java_client.pagefactory.ElementInterceptor.getObject(ElementInterceptor.java:42)
	at io.appium.java_client.pagefactory.interceptors.InterceptorOfASingleElement.call(InterceptorOfASingleElement.java:78)
	at io.appium.java_client.proxy.Interceptor.intercept(Interceptor.java:78)
	at org.openqa.selenium.remote.RemoteWebElement$ByteBuddy$rbyYjEkO.click(Unknown Source)
	at pageObjects.PG_002_SignInPage.Click_On_Continue(PG_002_SignInPage.java:147)
	... 24 more
... Removed 24 stack frames</pre></div><a href='#' onClick='toggleBox("stack-trace1916360896", this, "Click to show all stack frames", "Click to hide stack frames")'>Click to show all stack frames</a>
<div class='stack-trace' id='stack-trace1916360896'><pre>java.lang.RuntimeException: org.openqa.selenium.WebDriverException: An unknown server-side error occurred while processing the command. Original error: Could not proxy command to the remote server. Original error: socket hang up
Build info: version: &apos;4.38.0&apos;, revision: &apos;6b412e825c*&apos;
System info: os.name: &apos;Windows 11&apos;, os.arch: &apos;amd64&apos;, os.version: &apos;10.0&apos;, java.version: &apos;11.0.25&apos;
Driver info: io.appium.java_client.android.AndroidDriver
Command: [408193f4-aab5-4caa-a5e8-a1282a30f5e5, clickElement {id=00000000-0000-09ec-0000-000a00000004}]
Capabilities {appium:adbExecTimeout: 60000, appium:appActivity: com.houseofepigenetics.abch..., appium:appPackage: com.houseofepigenetics.abch..., appium:automationName: UiAutomator2, appium:databaseEnabled: false, appium:desired: {adbExecTimeout: 60000, appActivity: com.houseofepigenetics.abch..., appPackage: com.houseofepigenetics.abch..., automationName: UiAutomator2, deviceName: a861dfa, ignoreHiddenApiPolicyError: true, noReset: true, platformName: ANDROID, platformVersion: 13}, appium:deviceApiLevel: 33, appium:deviceManufacturer: OPPO, appium:deviceModel: CPH2219, appium:deviceName: a861dfa, appium:deviceScreenDensity: 480, appium:deviceScreenSize: 1080x2400, appium:deviceUDID: a861dfa, appium:ignoreHiddenApiPolicyError: true, appium:javascriptEnabled: true, appium:locationContextEnabled: false, appium:networkConnectionEnabled: true, appium:noReset: true, appium:pixelRatio: 3, appium:platformVersion: 13, appium:statBarHeight: 107, appium:takesScreenshot: true, appium:viewportRect: {height: 2293, left: 0, top: 107, width: 1080}, appium:warnings: {}, appium:webStorageEnabled: false, platformName: ANDROID}
Element: [[AndroidDriver:  on ANDROID (408193f4-aab5-4caa-a5e8-a1282a30f5e5)] -&gt; accessibility id: CONTINUE]
Session ID: 408193f4-aab5-4caa-a5e8-a1282a30f5e5
	at pageObjects.PG_002_SignInPage.Click_On_Continue(PG_002_SignInPage.java:153)
	at testPackage.TC_002_SignIn.Validate_Login_Scenarios(TC_002_SignIn.java:32)
	at java.base/jdk.internal.reflect.NativeMethodAccessorImpl.invoke0(Native Method)
	at java.base/jdk.internal.reflect.NativeMethodAccessorImpl.invoke(NativeMethodAccessorImpl.java:62)
	at java.base/jdk.internal.reflect.DelegatingMethodAccessorImpl.invoke(DelegatingMethodAccessorImpl.java:43)
	at java.base/java.lang.reflect.Method.invoke(Method.java:566)
	at org.testng.internal.MethodInvocationHelper.invokeMethod(MethodInvocationHelper.java:133)
	at org.testng.internal.TestInvoker.invokeMethod(TestInvoker.java:598)
	at org.testng.internal.TestInvoker.invokeTestMethod(TestInvoker.java:173)
	at org.testng.internal.MethodRunner.runInSequence(MethodRunner.java:46)
	at org.testng.internal.TestInvoker$MethodInvocationAgent.invoke(TestInvoker.java:824)
	at org.testng.internal.TestInvoker.invokeTestMethods(TestInvoker.java:146)
	at org.testng.internal.TestMethodWorker.invokeTestMethods(TestMethodWorker.java:146)
	at org.testng.internal.TestMethodWorker.run(TestMethodWorker.java:128)
	at java.base/java.util.ArrayList.forEach(ArrayList.java:1541)
	at org.testng.TestRunner.privateRun(TestRunner.java:794)
	at org.testng.TestRunner.run(TestRunner.java:596)
	at org.testng.SuiteRunner.runTest(SuiteRunner.java:377)
	at org.testng.SuiteRunner.access$000(SuiteRunner.java:28)
	at org.testng.SuiteRunner$SuiteWorker.run(SuiteRunner.java:418)
	at org.testng.internal.thread.ThreadUtil.lambda$execute$0(ThreadUtil.java:64)
	at java.base/java.util.concurrent.FutureTask.run(FutureTask.java:264)
	at java.base/java.util.concurrent.ThreadPoolExecutor.runWorker(ThreadPoolExecutor.java:1128)
	at java.base/java.util.concurrent.ThreadPoolExecutor$Worker.run(ThreadPoolExecutor.java:628)
	at java.base/java.lang.Thread.run(Thread.java:834)
Caused by: org.openqa.selenium.WebDriverException: An unknown server-side error occurred while processing the command. Original error: Could not proxy command to the remote server. Original error: socket hang up
Build info: version: &apos;4.38.0&apos;, revision: &apos;6b412e825c*&apos;
System info: os.name: &apos;Windows 11&apos;, os.arch: &apos;amd64&apos;, os.version: &apos;10.0&apos;, java.version: &apos;11.0.25&apos;
Driver info: io.appium.java_client.android.AndroidDriver
Command: [408193f4-aab5-4caa-a5e8-a1282a30f5e5, clickElement {id=00000000-0000-09ec-0000-000a00000004}]
Capabilities {appium:adbExecTimeout: 60000, appium:appActivity: com.houseofepigenetics.abch..., appium:appPackage: com.houseofepigenetics.abch..., appium:automationName: UiAutomator2, appium:databaseEnabled: false, appium:desired: {adbExecTimeout: 60000, appActivity: com.houseofepigenetics.abch..., appPackage: com.houseofepigenetics.abch..., automationName: UiAutomator2, deviceName: a861dfa, ignoreHiddenApiPolicyError: true, noReset: true, platformName: ANDROID, platformVersion: 13}, appium:deviceApiLevel: 33, appium:deviceManufacturer: OPPO, appium:deviceModel: CPH2219, appium:deviceName: a861dfa, appium:deviceScreenDensity: 480, appium:deviceScreenSize: 1080x2400, appium:deviceUDID: a861dfa, appium:ignoreHiddenApiPolicyError: true, appium:javascriptEnabled: true, appium:locationContextEnabled: false, appium:networkConnectionEnabled: true, appium:noReset: true, appium:pixelRatio: 3, appium:platformVersion: 13, appium:statBarHeight: 107, appium:takesScreenshot: true, appium:viewportRect: {height: 2293, left: 0, top: 107, width: 1080}, appium:warnings: {}, appium:webStorageEnabled: false, platformName: ANDROID}
Element: [[AndroidDriver:  on ANDROID (408193f4-aab5-4caa-a5e8-a1282a30f5e5)] -&gt; accessibility id: CONTINUE]
Session ID: 408193f4-aab5-4caa-a5e8-a1282a30f5e5
	at jdk.internal.reflect.GeneratedConstructorAccessor25.newInstance(Unknown Source)
	at java.base/jdk.internal.reflect.DelegatingConstructorAccessorImpl.newInstance(DelegatingConstructorAccessorImpl.java:45)
	at java.base/java.lang.reflect.Constructor.newInstance(Constructor.java:490)
	at org.openqa.selenium.remote.ErrorCodec.decode(ErrorCodec.java:167)
	at org.openqa.selenium.remote.codec.w3c.W3CHttpResponseCodec.decode(W3CHttpResponseCodec.java:138)
	at org.openqa.selenium.remote.codec.w3c.W3CHttpResponseCodec.decode(W3CHttpResponseCodec.java:50)
	at org.openqa.selenium.remote.HttpCommandExecutor.execute(HttpCommandExecutor.java:215)
	at io.appium.java_client.remote.AppiumCommandExecutor.execute(AppiumCommandExecutor.java:243)
	at org.openqa.selenium.remote.RemoteWebDriver.execute(RemoteWebDriver.java:557)
	at org.openqa.selenium.remote.RemoteWebElement.execute(RemoteWebElement.java:223)
	at org.openqa.selenium.remote.RemoteWebElement.click(RemoteWebElement.java:76)
	at jdk.internal.reflect.GeneratedMethodAccessor22.invoke(Unknown Source)
	at java.base/jdk.internal.reflect.DelegatingMethodAccessorImpl.invoke(DelegatingMethodAccessorImpl.java:43)
	at java.base/java.lang.reflect.Method.invoke(Method.java:566)
	at io.appium.java_client.pagefactory.ElementInterceptor.getObject(ElementInterceptor.java:42)
	at io.appium.java_client.pagefactory.interceptors.InterceptorOfASingleElement.call(InterceptorOfASingleElement.java:78)
	at io.appium.java_client.proxy.Interceptor.intercept(Interceptor.java:78)
	at org.openqa.selenium.remote.RemoteWebElement$ByteBuddy$rbyYjEkO.click(Unknown Source)
	at pageObjects.PG_002_SignInPage.Click_On_Continue(PG_002_SignInPage.java:147)
	... 24 more
</pre></div></td>
<td>8</td>
<td>testPackage.TC_002_SignIn@6933b6c6</td></tr>
</table><p>
<table width='100%' border='1' class='invocation-passed'>
<tr><td colspan='4' align='center'><b>PASSED TESTS</b></td></tr>
<tr><td><b>Test method</b></td>
<td width="30%"><b>Exception</b></td>
<td width="10%"><b>Time (seconds)</b></td>
<td><b>Instance</b></td>
</tr>
<tr>
<td title='testPackage.TC_002_SignIn.Validate_Login_Scenarios()'><b>Validate_Login_Scenarios</b><br>Test class: testPackage.TC_002_SignIn<br>Parameters: Validate by Invalid email – missing '@' symbol, ramesh.navadhiti.com, P@ssw0rd@321, NegativeEmail, Invalid email. Please check your credentials and try again.</td>
<td></td>
<td>8</td>
<td>testPackage.TC_002_SignIn@6933b6c6</td></tr>
<tr>
<td title='testPackage.TC_002_SignIn.Validate_Login_Scenarios()'><b>Validate_Login_Scenarios</b><br>Test class: testPackage.TC_002_SignIn<br>Parameters: Validate by Invalid email – double '@' symbol, ramesh@@gmail.com, P@ssw0rd@321, NegativeEmail, Invalid email. Please check your credentials and try again.</td>
<td></td>
<td>9</td>
<td>testPackage.TC_002_SignIn@6933b6c6</td></tr>
<tr>
<td title='testPackage.TC_002_SignIn.Validate_Login_Scenarios()'><b>Validate_Login_Scenarios</b><br>Test class: testPackage.TC_002_SignIn<br>Parameters: Validate by Invalid email & password – special char email, ramesh@navadhiti, pass, NegativeEmail, Invalid email or password. Please check your credentials and try again.</td>
<td></td>
<td>8</td>
<td>testPackage.TC_002_SignIn@6933b6c6</td></tr>
<tr>
<td title='testPackage.TC_002_SignIn.Validate_Login_Scenarios()'><b>Validate_Login_Scenarios</b><br>Test class: testPackage.TC_002_SignIn<br>Parameters: Validate by Invalid password – blank, ramesh@navadhiti.com, (empty), NegativeEmail, Invalid email or password. Please check your credentials and try again.</td>
<td></td>
<td>10</td>
<td>testPackage.TC_002_SignIn@6933b6c6</td></tr>
<tr>
<td title='testPackage.TC_002_SignIn.Validate_Login_Scenarios()'><b>Validate_Login_Scenarios</b><br>Test class: testPackage.TC_002_SignIn<br>Parameters: Validate by Invalid email & password – both incorrect, test@wrong.com, Wrong@123, NegativeEmail, Invalid email or password. Please check your credentials and try again.</td>
<td></td>
<td>10</td>
<td>testPackage.TC_002_SignIn@6933b6c6</td></tr>
<tr>
<td title='testPackage.TC_002_SignIn.Validate_Login_Scenarios()'><b>Validate_Login_Scenarios</b><br>Test class: testPackage.TC_002_SignIn<br>Parameters: Validate by Invalid email – spaces included, ramesh @gmail.com, P@ssw0rd@321, NegativeEmail, Invalid email. Please check your credentials and try again.</td>
<td></td>
<td>9</td>
<td>testPackage.TC_002_SignIn@6933b6c6</td></tr>
<tr>
<td title='testPackage.TC_002_SignIn.Validate_Login_Scenarios()'><b>Validate_Login_Scenarios</b><br>Test class: testPackage.TC_002_SignIn<br>Parameters: Validate by Invalid password – too short, ramesh@navadhiti.com, abc, NegativeEmail, Invalid email or password. Please check your credentials and try again.</td>
<td></td>
<td>9</td>
<td>testPackage.TC_002_SignIn@6933b6c6</td></tr>
<tr>
<td title='testPackage.TC_002_SignIn.Validate_Login_Scenarios()'><b>Validate_Login_Scenarios</b><br>Test class: testPackage.TC_002_SignIn<br>Parameters: Validate by Invalid email – missing username, @navadhiti.com, P@ssw0rd@321, NegativeEmail, Invalid email. Please check your credentials and try again.</td>
<td></td>
<td>9</td>
<td>testPackage.TC_002_SignIn@6933b6c6</td></tr>
<tr>
<td title='testPackage.TC_002_SignIn.Validate_Login_Scenarios()'><b>Validate_Login_Scenarios</b><br>Test class: testPackage.TC_002_SignIn<br>Parameters: Validate by Invalid email & password – spaces in both, ramesh @gmail.com, P@ss word, NegativeEmail, Invalid email or password. Please check your credentials and try again.</td>
<td></td>
<td>9</td>
<td>testPackage.TC_002_SignIn@6933b6c6</td></tr>
<tr>
<td title='testPackage.TC_002_SignIn.Validate_Login_Scenarios()'><b>Validate_Login_Scenarios</b><br>Test class: testPackage.TC_002_SignIn<br>Parameters: Validate by Invalid password – no uppercase, ramesh@navadhiti.com, p@ssw0rd, NegativeEmail, Invalid email or password. Please check your credentials and try again.</td>
<td></td>
<td>9</td>
<td>testPackage.TC_002_SignIn@6933b6c6</td></tr>
<tr>
<td title='testPackage.TC_002_SignIn.Validate_Login_Scenarios()'><b>Validate_Login_Scenarios</b><br>Test class: testPackage.TC_002_SignIn<br>Parameters: Validate login with valid credentials, ramesh@navadhiti.com, P@ssw0rd@321, Positive , success</td>
<td></td>
<td>38</td>
<td>testPackage.TC_002_SignIn@6933b6c6</td></tr>
<tr>
<td title='testPackage.TC_002_SignIn.Validate_Login_Scenarios()'><b>Validate_Login_Scenarios</b><br>Test class: testPackage.TC_002_SignIn<br>Parameters: Validate by Invalid email & password – wrong email format, ramesh.navadhiti.com, 123', NegativeEmail, Invalid email or password. Please check your credentials and try again.</td>
<td></td>
<td>9</td>
<td>testPackage.TC_002_SignIn@6933b6c6</td></tr>
<tr>
<td title='testPackage.TC_002_SignIn.Validate_Login_Scenarios()'><b>Validate_Login_Scenarios</b><br>Test class: testPackage.TC_002_SignIn<br>Parameters: Validate by Invalid email – missing domain, ramesh@, P@ssw0rd@321, NegativeEmail, Invalid email. Please check your credentials and try again.</td>
<td></td>
<td>9</td>
<td>testPackage.TC_002_SignIn@6933b6c6</td></tr>
</table><p>
</body>
</html>