<?xml version="1.0" encoding="UTF-8"?>
<!-- Generated by org.testng.reporters.JUnitXMLReporter -->
<testsuite ignored="0" hostname="DESKTOP-8AF4MIK" failures="3" tests="16" name="SignUpReport" time="294.289" errors="0" timestamp="2025-11-04T17:57:34 IST">
  <testcase classname="testPackage.TC_002_SignIn" name="Validate_Login_Scenarios" time="38.291"/>
  <testcase classname="testPackage.TC_002_SignIn" name="Validate_Login_Scenarios" time="8.799"/>
  <testcase classname="testPackage.TC_002_SignIn" name="Validate_Login_Scenarios" time="9.542"/>
  <testcase classname="testPackage.TC_002_SignIn" name="Validate_Login_Scenarios" time="9.176"/>
  <testcase classname="testPackage.TC_002_SignIn" name="Validate_Login_Scenarios" time="9.621"/>
  <testcase classname="testPackage.TC_002_SignIn" name="Validate_Login_Scenarios" time="9.874"/>
  <testcase classname="testPackage.TC_002_SignIn" name="Validate_Login_Scenarios" time="9.937"/>
  <testcase classname="testPackage.TC_002_SignIn" name="Validate_Login_Scenarios" time="9.04">
    <failure type="java.lang.RuntimeException" message="org.openqa.selenium.WebDriverException: An unknown server-side error occurred while processing the command. Original error: Could not proxy command to the remote server. Original error: socket hang up
Build info: version: &amp;apos;4.38.0&amp;apos;, revision: &amp;apos;6b412e825c*&amp;apos;
System info: os.name: &amp;apos;Windows 11&amp;apos;, os.arch: &amp;apos;amd64&amp;apos;, os.version: &amp;apos;10.0&amp;apos;, java.version: &amp;apos;11.0.25&amp;apos;
Driver info: io.appium.java_client.android.AndroidDriver
Command: [a8095905-cba1-44f2-8394-510dc98e4651, clickElement {id=00000000-0000-09ac-0000-000a00000004}]
Capabilities {appium:adbExecTimeout: 60000, appium:appActivity: com.houseofepigenetics.abch..., appium:appPackage: com.houseofepigenetics.abch..., appium:automationName: UiAutomator2, appium:databaseEnabled: false, appium:desired: {adbExecTimeout: 60000, appActivity: com.houseofepigenetics.abch..., appPackage: com.houseofepigenetics.abch..., automationName: UiAutomator2, deviceName: a861dfa, ignoreHiddenApiPolicyError: true, noReset: true, platformName: ANDROID, platformVersion: 13}, appium:deviceApiLevel: 33, appium:deviceManufacturer: OPPO, appium:deviceModel: CPH2219, appium:deviceName: a861dfa, appium:deviceScreenDensity: 480, appium:deviceScreenSize: 1080x2400, appium:deviceUDID: a861dfa, appium:ignoreHiddenApiPolicyError: true, appium:javascriptEnabled: true, appium:locationContextEnabled: false, appium:networkConnectionEnabled: true, appium:noReset: true, appium:pixelRatio: 3, appium:platformVersion: 13, appium:statBarHeight: 107, appium:takesScreenshot: true, appium:viewportRect: {height: 2293, left: 0, top: 107, width: 1080}, appium:warnings: {}, appium:webStorageEnabled: false, platformName: ANDROID}
Element: [[AndroidDriver:  on ANDROID (a8095905-cba1-44f2-8394-510dc98e4651)] -&amp;gt; accessibility id: CONTINUE]
Session ID: a8095905-cba1-44f2-8394-510dc98e4651">
      <![CDATA[java.lang.RuntimeException: org.openqa.selenium.WebDriverException: An unknown server-side error occurred while processing the command. Original error: Could not proxy command to the remote server. Original error: socket hang up
Build info: version: '4.38.0', revision: '6b412e825c*'
System info: os.name: 'Windows 11', os.arch: 'amd64', os.version: '10.0', java.version: '11.0.25'
Driver info: io.appium.java_client.android.AndroidDriver
Command: [a8095905-cba1-44f2-8394-510dc98e4651, clickElement {id=00000000-0000-09ac-0000-000a00000004}]
Capabilities {appium:adbExecTimeout: 60000, appium:appActivity: com.houseofepigenetics.abch..., appium:appPackage: com.houseofepigenetics.abch..., appium:automationName: UiAutomator2, appium:databaseEnabled: false, appium:desired: {adbExecTimeout: 60000, appActivity: com.houseofepigenetics.abch..., appPackage: com.houseofepigenetics.abch..., automationName: UiAutomator2, deviceName: a861dfa, ignoreHiddenApiPolicyError: true, noReset: true, platformName: ANDROID, platformVersion: 13}, appium:deviceApiLevel: 33, appium:deviceManufacturer: OPPO, appium:deviceModel: CPH2219, appium:deviceName: a861dfa, appium:deviceScreenDensity: 480, appium:deviceScreenSize: 1080x2400, appium:deviceUDID: a861dfa, appium:ignoreHiddenApiPolicyError: true, appium:javascriptEnabled: true, appium:locationContextEnabled: false, appium:networkConnectionEnabled: true, appium:noReset: true, appium:pixelRatio: 3, appium:platformVersion: 13, appium:statBarHeight: 107, appium:takesScreenshot: true, appium:viewportRect: {height: 2293, left: 0, top: 107, width: 1080}, appium:warnings: {}, appium:webStorageEnabled: false, platformName: ANDROID}
Element: [[AndroidDriver:  on ANDROID (a8095905-cba1-44f2-8394-510dc98e4651)] -> accessibility id: CONTINUE]
Session ID: a8095905-cba1-44f2-8394-510dc98e4651
at pageObjects.PG_002_SignInPage.Click_On_Continue(PG_002_SignInPage.java:153)
at testPackage.TC_002_SignIn.Validate_Login_Scenarios(TC_002_SignIn.java:32)
at java.base/java.util.ArrayList.forEach(ArrayList.java:1541)
at java.base/java.util.concurrent.FutureTask.run(FutureTask.java:264)
at java.base/java.util.concurrent.ThreadPoolExecutor.runWorker(ThreadPoolExecutor.java:1128)
at java.base/java.util.concurrent.ThreadPoolExecutor$Worker.run(ThreadPoolExecutor.java:628)
at java.base/java.lang.Thread.run(Thread.java:834)
Caused by: org.openqa.selenium.WebDriverException: An unknown server-side error occurred while processing the command. Original error: Could not proxy command to the remote server. Original error: socket hang up
Build info: version: '4.38.0', revision: '6b412e825c*'
System info: os.name: 'Windows 11', os.arch: 'amd64', os.version: '10.0', java.version: '11.0.25'
Driver info: io.appium.java_client.android.AndroidDriver
Command: [a8095905-cba1-44f2-8394-510dc98e4651, clickElement {id=00000000-0000-09ac-0000-000a00000004}]
Capabilities {appium:adbExecTimeout: 60000, appium:appActivity: com.houseofepigenetics.abch..., appium:appPackage: com.houseofepigenetics.abch..., appium:automationName: UiAutomator2, appium:databaseEnabled: false, appium:desired: {adbExecTimeout: 60000, appActivity: com.houseofepigenetics.abch..., appPackage: com.houseofepigenetics.abch..., automationName: UiAutomator2, deviceName: a861dfa, ignoreHiddenApiPolicyError: true, noReset: true, platformName: ANDROID, platformVersion: 13}, appium:deviceApiLevel: 33, appium:deviceManufacturer: OPPO, appium:deviceModel: CPH2219, appium:deviceName: a861dfa, appium:deviceScreenDensity: 480, appium:deviceScreenSize: 1080x2400, appium:deviceUDID: a861dfa, appium:ignoreHiddenApiPolicyError: true, appium:javascriptEnabled: true, appium:locationContextEnabled: false, appium:networkConnectionEnabled: true, appium:noReset: true, appium:pixelRatio: 3, appium:platformVersion: 13, appium:statBarHeight: 107, appium:takesScreenshot: true, appium:viewportRect: {height: 2293, left: 0, top: 107, width: 1080}, appium:warnings: {}, appium:webStorageEnabled: false, platformName: ANDROID}
Element: [[AndroidDriver:  on ANDROID (a8095905-cba1-44f2-8394-510dc98e4651)] -> accessibility id: CONTINUE]
Session ID: a8095905-cba1-44f2-8394-510dc98e4651
at org.openqa.selenium.remote.ErrorCodec.decode(ErrorCodec.java:167)
at org.openqa.selenium.remote.codec.w3c.W3CHttpResponseCodec.decode(W3CHttpResponseCodec.java:138)
at org.openqa.selenium.remote.codec.w3c.W3CHttpResponseCodec.decode(W3CHttpResponseCodec.java:50)
at org.openqa.selenium.remote.HttpCommandExecutor.execute(HttpCommandExecutor.java:215)
at io.appium.java_client.remote.AppiumCommandExecutor.execute(AppiumCommandExecutor.java:243)
at org.openqa.selenium.remote.RemoteWebDriver.execute(RemoteWebDriver.java:557)
at org.openqa.selenium.remote.RemoteWebElement.execute(RemoteWebElement.java:223)
at org.openqa.selenium.remote.RemoteWebElement.click(RemoteWebElement.java:76)
at io.appium.java_client.pagefactory.ElementInterceptor.getObject(ElementInterceptor.java:42)
at io.appium.java_client.pagefactory.interceptors.InterceptorOfASingleElement.call(InterceptorOfASingleElement.java:78)
at io.appium.java_client.proxy.Interceptor.intercept(Interceptor.java:78)
at org.openqa.selenium.remote.RemoteWebElement$ByteBuddy$rbyYjEkO.click(Unknown Source)
at pageObjects.PG_002_SignInPage.Click_On_Continue(PG_002_SignInPage.java:147)
... 24 more
... Removed 25 stack frames]]>
    </failure>
  </testcase> <!-- Validate_Login_Scenarios -->
  <testcase classname="testPackage.TC_002_SignIn" name="Validate_Login_Scenarios" time="9.739"/>
  <testcase classname="testPackage.TC_002_SignIn" name="Validate_Login_Scenarios" time="9.588">
    <failure type="java.lang.RuntimeException" message="org.openqa.selenium.WebDriverException: An unknown server-side error occurred while processing the command. Original error: Could not proxy command to the remote server. Original error: socket hang up
Build info: version: &amp;apos;4.38.0&amp;apos;, revision: &amp;apos;6b412e825c*&amp;apos;
System info: os.name: &amp;apos;Windows 11&amp;apos;, os.arch: &amp;apos;amd64&amp;apos;, os.version: &amp;apos;10.0&amp;apos;, java.version: &amp;apos;11.0.25&amp;apos;
Driver info: io.appium.java_client.android.AndroidDriver
Command: [7750a2b6-a278-4d22-b982-fe150927cdae, clickElement {id=00000000-0000-09cc-0000-000a00000004}]
Capabilities {appium:adbExecTimeout: 60000, appium:appActivity: com.houseofepigenetics.abch..., appium:appPackage: com.houseofepigenetics.abch..., appium:automationName: UiAutomator2, appium:databaseEnabled: false, appium:desired: {adbExecTimeout: 60000, appActivity: com.houseofepigenetics.abch..., appPackage: com.houseofepigenetics.abch..., automationName: UiAutomator2, deviceName: a861dfa, ignoreHiddenApiPolicyError: true, noReset: true, platformName: ANDROID, platformVersion: 13}, appium:deviceApiLevel: 33, appium:deviceManufacturer: OPPO, appium:deviceModel: CPH2219, appium:deviceName: a861dfa, appium:deviceScreenDensity: 480, appium:deviceScreenSize: 1080x2400, appium:deviceUDID: a861dfa, appium:ignoreHiddenApiPolicyError: true, appium:javascriptEnabled: true, appium:locationContextEnabled: false, appium:networkConnectionEnabled: true, appium:noReset: true, appium:pixelRatio: 3, appium:platformVersion: 13, appium:statBarHeight: 107, appium:takesScreenshot: true, appium:viewportRect: {height: 2293, left: 0, top: 107, width: 1080}, appium:warnings: {}, appium:webStorageEnabled: false, platformName: ANDROID}
Element: [[AndroidDriver:  on ANDROID (7750a2b6-a278-4d22-b982-fe150927cdae)] -&amp;gt; accessibility id: CONTINUE]
Session ID: 7750a2b6-a278-4d22-b982-fe150927cdae">
      <![CDATA[java.lang.RuntimeException: org.openqa.selenium.WebDriverException: An unknown server-side error occurred while processing the command. Original error: Could not proxy command to the remote server. Original error: socket hang up
Build info: version: '4.38.0', revision: '6b412e825c*'
System info: os.name: 'Windows 11', os.arch: 'amd64', os.version: '10.0', java.version: '11.0.25'
Driver info: io.appium.java_client.android.AndroidDriver
Command: [7750a2b6-a278-4d22-b982-fe150927cdae, clickElement {id=00000000-0000-09cc-0000-000a00000004}]
Capabilities {appium:adbExecTimeout: 60000, appium:appActivity: com.houseofepigenetics.abch..., appium:appPackage: com.houseofepigenetics.abch..., appium:automationName: UiAutomator2, appium:databaseEnabled: false, appium:desired: {adbExecTimeout: 60000, appActivity: com.houseofepigenetics.abch..., appPackage: com.houseofepigenetics.abch..., automationName: UiAutomator2, deviceName: a861dfa, ignoreHiddenApiPolicyError: true, noReset: true, platformName: ANDROID, platformVersion: 13}, appium:deviceApiLevel: 33, appium:deviceManufacturer: OPPO, appium:deviceModel: CPH2219, appium:deviceName: a861dfa, appium:deviceScreenDensity: 480, appium:deviceScreenSize: 1080x2400, appium:deviceUDID: a861dfa, appium:ignoreHiddenApiPolicyError: true, appium:javascriptEnabled: true, appium:locationContextEnabled: false, appium:networkConnectionEnabled: true, appium:noReset: true, appium:pixelRatio: 3, appium:platformVersion: 13, appium:statBarHeight: 107, appium:takesScreenshot: true, appium:viewportRect: {height: 2293, left: 0, top: 107, width: 1080}, appium:warnings: {}, appium:webStorageEnabled: false, platformName: ANDROID}
Element: [[AndroidDriver:  on ANDROID (7750a2b6-a278-4d22-b982-fe150927cdae)] -> accessibility id: CONTINUE]
Session ID: 7750a2b6-a278-4d22-b982-fe150927cdae
at pageObjects.PG_002_SignInPage.Click_On_Continue(PG_002_SignInPage.java:153)
at testPackage.TC_002_SignIn.Validate_Login_Scenarios(TC_002_SignIn.java:32)
at java.base/java.util.ArrayList.forEach(ArrayList.java:1541)
at java.base/java.util.concurrent.FutureTask.run(FutureTask.java:264)
at java.base/java.util.concurrent.ThreadPoolExecutor.runWorker(ThreadPoolExecutor.java:1128)
at java.base/java.util.concurrent.ThreadPoolExecutor$Worker.run(ThreadPoolExecutor.java:628)
at java.base/java.lang.Thread.run(Thread.java:834)
Caused by: org.openqa.selenium.WebDriverException: An unknown server-side error occurred while processing the command. Original error: Could not proxy command to the remote server. Original error: socket hang up
Build info: version: '4.38.0', revision: '6b412e825c*'
System info: os.name: 'Windows 11', os.arch: 'amd64', os.version: '10.0', java.version: '11.0.25'
Driver info: io.appium.java_client.android.AndroidDriver
Command: [7750a2b6-a278-4d22-b982-fe150927cdae, clickElement {id=00000000-0000-09cc-0000-000a00000004}]
Capabilities {appium:adbExecTimeout: 60000, appium:appActivity: com.houseofepigenetics.abch..., appium:appPackage: com.houseofepigenetics.abch..., appium:automationName: UiAutomator2, appium:databaseEnabled: false, appium:desired: {adbExecTimeout: 60000, appActivity: com.houseofepigenetics.abch..., appPackage: com.houseofepigenetics.abch..., automationName: UiAutomator2, deviceName: a861dfa, ignoreHiddenApiPolicyError: true, noReset: true, platformName: ANDROID, platformVersion: 13}, appium:deviceApiLevel: 33, appium:deviceManufacturer: OPPO, appium:deviceModel: CPH2219, appium:deviceName: a861dfa, appium:deviceScreenDensity: 480, appium:deviceScreenSize: 1080x2400, appium:deviceUDID: a861dfa, appium:ignoreHiddenApiPolicyError: true, appium:javascriptEnabled: true, appium:locationContextEnabled: false, appium:networkConnectionEnabled: true, appium:noReset: true, appium:pixelRatio: 3, appium:platformVersion: 13, appium:statBarHeight: 107, appium:takesScreenshot: true, appium:viewportRect: {height: 2293, left: 0, top: 107, width: 1080}, appium:warnings: {}, appium:webStorageEnabled: false, platformName: ANDROID}
Element: [[AndroidDriver:  on ANDROID (7750a2b6-a278-4d22-b982-fe150927cdae)] -> accessibility id: CONTINUE]
Session ID: 7750a2b6-a278-4d22-b982-fe150927cdae
at org.openqa.selenium.remote.ErrorCodec.decode(ErrorCodec.java:167)
at org.openqa.selenium.remote.codec.w3c.W3CHttpResponseCodec.decode(W3CHttpResponseCodec.java:138)
at org.openqa.selenium.remote.codec.w3c.W3CHttpResponseCodec.decode(W3CHttpResponseCodec.java:50)
at org.openqa.selenium.remote.HttpCommandExecutor.execute(HttpCommandExecutor.java:215)
at io.appium.java_client.remote.AppiumCommandExecutor.execute(AppiumCommandExecutor.java:243)
at org.openqa.selenium.remote.RemoteWebDriver.execute(RemoteWebDriver.java:557)
at org.openqa.selenium.remote.RemoteWebElement.execute(RemoteWebElement.java:223)
at org.openqa.selenium.remote.RemoteWebElement.click(RemoteWebElement.java:76)
at io.appium.java_client.pagefactory.ElementInterceptor.getObject(ElementInterceptor.java:42)
at io.appium.java_client.pagefactory.interceptors.InterceptorOfASingleElement.call(InterceptorOfASingleElement.java:78)
at io.appium.java_client.proxy.Interceptor.intercept(Interceptor.java:78)
at org.openqa.selenium.remote.RemoteWebElement$ByteBuddy$rbyYjEkO.click(Unknown Source)
at pageObjects.PG_002_SignInPage.Click_On_Continue(PG_002_SignInPage.java:147)
... 24 more
... Removed 25 stack frames]]>
    </failure>
  </testcase> <!-- Validate_Login_Scenarios -->
  <testcase classname="testPackage.TC_002_SignIn" name="Validate_Login_Scenarios" time="10.308"/>
  <testcase classname="testPackage.TC_002_SignIn" name="Validate_Login_Scenarios" time="8.967">
    <failure type="java.lang.RuntimeException" message="org.openqa.selenium.WebDriverException: An unknown server-side error occurred while processing the command. Original error: Could not proxy command to the remote server. Original error: socket hang up
Build info: version: &amp;apos;4.38.0&amp;apos;, revision: &amp;apos;6b412e825c*&amp;apos;
System info: os.name: &amp;apos;Windows 11&amp;apos;, os.arch: &amp;apos;amd64&amp;apos;, os.version: &amp;apos;10.0&amp;apos;, java.version: &amp;apos;11.0.25&amp;apos;
Driver info: io.appium.java_client.android.AndroidDriver
Command: [408193f4-aab5-4caa-a5e8-a1282a30f5e5, clickElement {id=00000000-0000-09ec-0000-000a00000004}]
Capabilities {appium:adbExecTimeout: 60000, appium:appActivity: com.houseofepigenetics.abch..., appium:appPackage: com.houseofepigenetics.abch..., appium:automationName: UiAutomator2, appium:databaseEnabled: false, appium:desired: {adbExecTimeout: 60000, appActivity: com.houseofepigenetics.abch..., appPackage: com.houseofepigenetics.abch..., automationName: UiAutomator2, deviceName: a861dfa, ignoreHiddenApiPolicyError: true, noReset: true, platformName: ANDROID, platformVersion: 13}, appium:deviceApiLevel: 33, appium:deviceManufacturer: OPPO, appium:deviceModel: CPH2219, appium:deviceName: a861dfa, appium:deviceScreenDensity: 480, appium:deviceScreenSize: 1080x2400, appium:deviceUDID: a861dfa, appium:ignoreHiddenApiPolicyError: true, appium:javascriptEnabled: true, appium:locationContextEnabled: false, appium:networkConnectionEnabled: true, appium:noReset: true, appium:pixelRatio: 3, appium:platformVersion: 13, appium:statBarHeight: 107, appium:takesScreenshot: true, appium:viewportRect: {height: 2293, left: 0, top: 107, width: 1080}, appium:warnings: {}, appium:webStorageEnabled: false, platformName: ANDROID}
Element: [[AndroidDriver:  on ANDROID (408193f4-aab5-4caa-a5e8-a1282a30f5e5)] -&amp;gt; accessibility id: CONTINUE]
Session ID: 408193f4-aab5-4caa-a5e8-a1282a30f5e5">
      <![CDATA[java.lang.RuntimeException: org.openqa.selenium.WebDriverException: An unknown server-side error occurred while processing the command. Original error: Could not proxy command to the remote server. Original error: socket hang up
Build info: version: '4.38.0', revision: '6b412e825c*'
System info: os.name: 'Windows 11', os.arch: 'amd64', os.version: '10.0', java.version: '11.0.25'
Driver info: io.appium.java_client.android.AndroidDriver
Command: [408193f4-aab5-4caa-a5e8-a1282a30f5e5, clickElement {id=00000000-0000-09ec-0000-000a00000004}]
Capabilities {appium:adbExecTimeout: 60000, appium:appActivity: com.houseofepigenetics.abch..., appium:appPackage: com.houseofepigenetics.abch..., appium:automationName: UiAutomator2, appium:databaseEnabled: false, appium:desired: {adbExecTimeout: 60000, appActivity: com.houseofepigenetics.abch..., appPackage: com.houseofepigenetics.abch..., automationName: UiAutomator2, deviceName: a861dfa, ignoreHiddenApiPolicyError: true, noReset: true, platformName: ANDROID, platformVersion: 13}, appium:deviceApiLevel: 33, appium:deviceManufacturer: OPPO, appium:deviceModel: CPH2219, appium:deviceName: a861dfa, appium:deviceScreenDensity: 480, appium:deviceScreenSize: 1080x2400, appium:deviceUDID: a861dfa, appium:ignoreHiddenApiPolicyError: true, appium:javascriptEnabled: true, appium:locationContextEnabled: false, appium:networkConnectionEnabled: true, appium:noReset: true, appium:pixelRatio: 3, appium:platformVersion: 13, appium:statBarHeight: 107, appium:takesScreenshot: true, appium:viewportRect: {height: 2293, left: 0, top: 107, width: 1080}, appium:warnings: {}, appium:webStorageEnabled: false, platformName: ANDROID}
Element: [[AndroidDriver:  on ANDROID (408193f4-aab5-4caa-a5e8-a1282a30f5e5)] -> accessibility id: CONTINUE]
Session ID: 408193f4-aab5-4caa-a5e8-a1282a30f5e5
at pageObjects.PG_002_SignInPage.Click_On_Continue(PG_002_SignInPage.java:153)
at testPackage.TC_002_SignIn.Validate_Login_Scenarios(TC_002_SignIn.java:32)
at java.base/java.util.ArrayList.forEach(ArrayList.java:1541)
at java.base/java.util.concurrent.FutureTask.run(FutureTask.java:264)
at java.base/java.util.concurrent.ThreadPoolExecutor.runWorker(ThreadPoolExecutor.java:1128)
at java.base/java.util.concurrent.ThreadPoolExecutor$Worker.run(ThreadPoolExecutor.java:628)
at java.base/java.lang.Thread.run(Thread.java:834)
Caused by: org.openqa.selenium.WebDriverException: An unknown server-side error occurred while processing the command. Original error: Could not proxy command to the remote server. Original error: socket hang up
Build info: version: '4.38.0', revision: '6b412e825c*'
System info: os.name: 'Windows 11', os.arch: 'amd64', os.version: '10.0', java.version: '11.0.25'
Driver info: io.appium.java_client.android.AndroidDriver
Command: [408193f4-aab5-4caa-a5e8-a1282a30f5e5, clickElement {id=00000000-0000-09ec-0000-000a00000004}]
Capabilities {appium:adbExecTimeout: 60000, appium:appActivity: com.houseofepigenetics.abch..., appium:appPackage: com.houseofepigenetics.abch..., appium:automationName: UiAutomator2, appium:databaseEnabled: false, appium:desired: {adbExecTimeout: 60000, appActivity: com.houseofepigenetics.abch..., appPackage: com.houseofepigenetics.abch..., automationName: UiAutomator2, deviceName: a861dfa, ignoreHiddenApiPolicyError: true, noReset: true, platformName: ANDROID, platformVersion: 13}, appium:deviceApiLevel: 33, appium:deviceManufacturer: OPPO, appium:deviceModel: CPH2219, appium:deviceName: a861dfa, appium:deviceScreenDensity: 480, appium:deviceScreenSize: 1080x2400, appium:deviceUDID: a861dfa, appium:ignoreHiddenApiPolicyError: true, appium:javascriptEnabled: true, appium:locationContextEnabled: false, appium:networkConnectionEnabled: true, appium:noReset: true, appium:pixelRatio: 3, appium:platformVersion: 13, appium:statBarHeight: 107, appium:takesScreenshot: true, appium:viewportRect: {height: 2293, left: 0, top: 107, width: 1080}, appium:warnings: {}, appium:webStorageEnabled: false, platformName: ANDROID}
Element: [[AndroidDriver:  on ANDROID (408193f4-aab5-4caa-a5e8-a1282a30f5e5)] -> accessibility id: CONTINUE]
Session ID: 408193f4-aab5-4caa-a5e8-a1282a30f5e5
at org.openqa.selenium.remote.ErrorCodec.decode(ErrorCodec.java:167)
at org.openqa.selenium.remote.codec.w3c.W3CHttpResponseCodec.decode(W3CHttpResponseCodec.java:138)
at org.openqa.selenium.remote.codec.w3c.W3CHttpResponseCodec.decode(W3CHttpResponseCodec.java:50)
at org.openqa.selenium.remote.HttpCommandExecutor.execute(HttpCommandExecutor.java:215)
at io.appium.java_client.remote.AppiumCommandExecutor.execute(AppiumCommandExecutor.java:243)
at org.openqa.selenium.remote.RemoteWebDriver.execute(RemoteWebDriver.java:557)
at org.openqa.selenium.remote.RemoteWebElement.execute(RemoteWebElement.java:223)
at org.openqa.selenium.remote.RemoteWebElement.click(RemoteWebElement.java:76)
at io.appium.java_client.pagefactory.ElementInterceptor.getObject(ElementInterceptor.java:42)
at io.appium.java_client.pagefactory.interceptors.InterceptorOfASingleElement.call(InterceptorOfASingleElement.java:78)
at io.appium.java_client.proxy.Interceptor.intercept(Interceptor.java:78)
at org.openqa.selenium.remote.RemoteWebElement$ByteBuddy$rbyYjEkO.click(Unknown Source)
at pageObjects.PG_002_SignInPage.Click_On_Continue(PG_002_SignInPage.java:147)
... 24 more
... Removed 24 stack frames]]>
    </failure>
  </testcase> <!-- Validate_Login_Scenarios -->
  <testcase classname="testPackage.TC_002_SignIn" name="Validate_Login_Scenarios" time="9.056"/>
  <testcase classname="testPackage.TC_002_SignIn" name="Validate_Login_Scenarios" time="10.224"/>
  <testcase classname="testPackage.TC_002_SignIn" name="Validate_Login_Scenarios" time="8.568"/>
  <testcase classname="testPackage.TC_002_SignIn" name="Validate_Login_Scenarios" time="9.215"/>
</testsuite> <!-- SignUpReport -->
